[2018-12-27 14:04:55.311] [INFO] info - 当前状态: idle
[2018-12-27 14:04:55.312] [INFO] info - coinexbids0={"0.00009683":"350"}
[2018-12-27 14:04:55.312] [INFO] info - coinexasks0={"0.00009721":"202.21773314"}
[2018-12-27 14:04:55.312] [INFO] info - huobibids0={"0.00009705":"14"}
[2018-12-27 14:04:55.312] [INFO] info - huobiasks0={"0.00009706":"911"}
[2018-12-27 14:04:55.317] [INFO] info - 在B买A挂卖-0.00001488
[2018-12-27 14:04:55.317] [INFO] info - A挂买B挂卖-0.00000312
[2018-12-27 14:04:55.570] [INFO] info - 当前状态: idle
[2018-12-27 14:04:55.570] [INFO] info - coinexbids0={"0.00009683":"350"}
[2018-12-27 14:04:55.570] [INFO] info - coinexasks0={"0.00009721":"202.21773314"}
[2018-12-27 14:04:55.571] [INFO] info - huobibids0={"0.00009705":"14"}
[2018-12-27 14:04:55.571] [INFO] info - huobiasks0={"0.00009706":"911"}
[2018-12-27 14:04:55.571] [INFO] info - 在B买A挂卖-0.00001488
[2018-12-27 14:04:55.571] [INFO] info - A挂买B挂卖-0.00000312
[2018-12-27 14:04:55.571] [INFO] info - 当前状态: idle
[2018-12-27 14:04:55.572] [INFO] info - coinexbids0={"0.00009683":"350"}
[2018-12-27 14:04:55.572] [INFO] info - coinexasks0={"0.00009721":"202.21773314"}
[2018-12-27 14:04:55.572] [INFO] info - huobibids0={"0.00009705":"14"}
[2018-12-27 14:04:55.572] [INFO] info - huobiasks0={"0.00009706":"911"}
[2018-12-27 14:04:55.572] [INFO] info - 在B买A挂卖-0.00001488
[2018-12-27 14:04:55.572] [INFO] info - A挂买B挂卖-0.00000312
[2018-12-27 14:04:56.099] [INFO] info - 当前状态: idle
[2018-12-27 14:04:56.099] [INFO] info - coinexbids0={"0.00009683":"350"}
[2018-12-27 14:04:56.099] [INFO] info - coinexasks0={"0.00009721":"677.97167454"}
[2018-12-27 14:04:56.099] [INFO] info - huobibids0={"0.00009705":"14"}
[2018-12-27 14:04:56.099] [INFO] info - huobiasks0={"0.00009706":"911"}
[2018-12-27 14:04:56.099] [INFO] info - 在B买A挂卖-0.00004989
[2018-12-27 14:04:56.099] [INFO] info - A挂买B挂卖-0.00000312
[2018-12-27 14:04:56.481] [INFO] info - 当前状态: idle
[2018-12-27 14:04:56.482] [INFO] info - coinexbids0={"0.00009683":"350"}
[2018-12-27 14:04:56.482] [INFO] info - coinexasks0={"0.00009721":"677.97167454"}
[2018-12-27 14:04:56.482] [INFO] info - huobibids0={"0.00009705":"14"}
[2018-12-27 14:04:56.482] [INFO] info - huobiasks0={"0.00009706":"911"}
[2018-12-27 14:04:56.482] [INFO] info - 在B买A挂卖-0.00004989
[2018-12-27 14:04:56.482] [INFO] info - A挂买B挂卖-0.00000312
[2018-12-27 14:04:56.728] [INFO] info - 当前状态: idle
[2018-12-27 14:04:56.728] [INFO] info - coinexbids0={"0.00009683":"350"}
[2018-12-27 14:04:56.729] [INFO] info - coinexasks0={"0.00009721":"677.97167454"}
[2018-12-27 14:04:56.729] [INFO] info - huobibids0={"0.00009705":"14"}
[2018-12-27 14:04:56.729] [INFO] info - huobiasks0={"0.00009706":"911"}
[2018-12-27 14:04:56.729] [INFO] info - 在B买A挂卖-0.00004989
[2018-12-27 14:04:56.729] [INFO] info - A挂买B挂卖-0.00000312
[2018-12-27 14:04:57.161] [INFO] info - 当前状态: idle
[2018-12-27 14:04:57.161] [INFO] info - coinexbids0={"0.00009683":"350"}
[2018-12-27 14:04:57.161] [INFO] info - coinexasks0={"0.0000972":"475.7539414"}
[2018-12-27 14:04:57.161] [INFO] info - huobibids0={"0.00009705":"14"}
[2018-12-27 14:04:57.161] [INFO] info - huobiasks0={"0.00009706":"911"}
[2018-12-27 14:04:57.161] [INFO] info - 在B买A挂卖-0.00003976
[2018-12-27 14:04:57.161] [INFO] info - A挂买B挂卖-0.00000312
[2018-12-27 14:04:57.447] [INFO] info - 当前状态: idle
[2018-12-27 14:04:57.447] [INFO] info - coinexbids0={"0.00009683":"350"}
[2018-12-27 14:04:57.448] [INFO] info - coinexasks0={"0.0000972":"475.7539414"}
[2018-12-27 14:04:57.448] [INFO] info - huobibids0={"0.00009705":"14"}
[2018-12-27 14:04:57.448] [INFO] info - huobiasks0={"0.00009706":"911"}
[2018-12-27 14:04:57.448] [INFO] info - 在B买A挂卖-0.00003976
[2018-12-27 14:04:57.448] [INFO] info - A挂买B挂卖-0.00000312
[2018-12-27 14:04:58.420] [INFO] info - 当前状态: idle
[2018-12-27 14:04:58.420] [INFO] info - coinexbids0={"0.00009683":"350"}
[2018-12-27 14:04:58.420] [INFO] info - coinexasks0={"0.0000972":"475.7539414"}
[2018-12-27 14:04:58.420] [INFO] info - huobibids0={"0.00009701":"20031"}
[2018-12-27 14:04:58.420] [INFO] info - huobiasks0={"0.00009706":"911"}
[2018-12-27 14:04:58.420] [INFO] info - 在B买A挂卖-0.00003976
[2018-12-27 14:04:58.420] [INFO] info - A挂买B挂卖-0.00000312
[2018-12-27 14:04:58.676] [INFO] info - 当前状态: idle
[2018-12-27 14:04:58.676] [INFO] info - coinexbids0={"0.00009683":"350"}
[2018-12-27 14:04:58.676] [INFO] info - coinexasks0={"0.0000972":"475.7539414"}
[2018-12-27 14:04:58.677] [INFO] info - huobibids0={"0.00009701":"20031"}
[2018-12-27 14:04:58.677] [INFO] info - huobiasks0={"0.00009706":"911"}
[2018-12-27 14:04:58.677] [INFO] info - 在B买A挂卖-0.00003976
[2018-12-27 14:04:58.677] [INFO] info - A挂买B挂卖-0.00000312
[2018-12-27 14:04:59.122] [INFO] info - 当前状态: idle
[2018-12-27 14:04:59.122] [INFO] info - coinexbids0={"0.00009683":"350"}
[2018-12-27 14:04:59.123] [INFO] info - coinexasks0={"0.0000972":"475.7539414"}
[2018-12-27 14:04:59.123] [INFO] info - huobibids0={"0.00009701":"20031"}
[2018-12-27 14:04:59.123] [INFO] info - huobiasks0={"0.00009706":"911"}
[2018-12-27 14:04:59.123] [INFO] info - 在B买A挂卖-0.00003976
[2018-12-27 14:04:59.123] [INFO] info - A挂买B挂卖-0.00000312
[2018-12-27 14:04:59.442] [INFO] info - 当前状态: idle
[2018-12-27 14:04:59.442] [INFO] info - coinexbids0={"0.00009683":"350"}
[2018-12-27 14:04:59.442] [INFO] info - coinexasks0={"0.0000972":"475.7539414"}
[2018-12-27 14:04:59.442] [INFO] info - huobibids0={"0.00009705":"14"}
[2018-12-27 14:04:59.442] [INFO] info - huobiasks0={"0.00009706":"911"}
[2018-12-27 14:04:59.442] [INFO] info - 在B买A挂卖-0.00003976
[2018-12-27 14:04:59.442] [INFO] info - A挂买B挂卖-0.00000312
[2018-12-27 14:04:59.711] [INFO] info - 当前状态: idle
[2018-12-27 14:04:59.711] [INFO] info - coinexbids0={"0.00009683":"350"}
[2018-12-27 14:04:59.711] [INFO] info - coinexasks0={"0.0000972":"475.7539414"}
[2018-12-27 14:04:59.711] [INFO] info - huobibids0={"0.00009705":"14"}
[2018-12-27 14:04:59.711] [INFO] info - huobiasks0={"0.00009706":"911"}
[2018-12-27 14:04:59.712] [INFO] info - 在B买A挂卖-0.00003976
[2018-12-27 14:04:59.712] [INFO] info - A挂买B挂卖-0.00000312
[2018-12-27 14:05:00.131] [INFO] info - 当前状态: idle
[2018-12-27 14:05:00.131] [INFO] info - coinexbids0={"0.00009683":"350"}
[2018-12-27 14:05:00.131] [INFO] info - coinexasks0={"0.00009721":"677.97167454"}
[2018-12-27 14:05:00.131] [INFO] info - huobibids0={"0.00009705":"14"}
[2018-12-27 14:05:00.131] [INFO] info - huobiasks0={"0.00009706":"911"}
[2018-12-27 14:05:00.131] [INFO] info - 在B买A挂卖-0.00004989
[2018-12-27 14:05:00.131] [INFO] info - A挂买B挂卖-0.00000312
[2018-12-27 14:05:01.088] [INFO] info - 当前状态: idle
[2018-12-27 14:05:01.088] [INFO] info - coinexbids0={"0.00009683":"350"}
[2018-12-27 14:05:01.088] [INFO] info - coinexasks0={"0.00009721":"677.97167454"}
[2018-12-27 14:05:01.088] [INFO] info - huobibids0={"0.00009705":"14"}
[2018-12-27 14:05:01.088] [INFO] info - huobiasks0={"0.00009706":"911"}
[2018-12-27 14:05:01.088] [INFO] info - 在B买A挂卖-0.00004989
[2018-12-27 14:05:01.088] [INFO] info - A挂买B挂卖-0.00000312
[2018-12-27 14:05:01.338] [INFO] info - 当前状态: idle
[2018-12-27 14:05:01.339] [INFO] info - coinexbids0={"0.00009683":"350"}
[2018-12-27 14:05:01.339] [INFO] info - coinexasks0={"0.00009721":"677.97167454"}
[2018-12-27 14:05:01.339] [INFO] info - huobibids0={"0.00009705":"14"}
[2018-12-27 14:05:01.339] [INFO] info - huobiasks0={"0.00009706":"911"}
[2018-12-27 14:05:01.339] [INFO] info - 在B买A挂卖-0.00004989
[2018-12-27 14:05:01.339] [INFO] info - A挂买B挂卖-0.00000312
[2018-12-27 14:05:01.603] [INFO] info - 当前状态: idle
[2018-12-27 14:05:01.603] [INFO] info - coinexbids0={"0.00009683":"350"}
[2018-12-27 14:05:01.604] [INFO] info - coinexasks0={"0.00009721":"677.97167454"}
[2018-12-27 14:05:01.604] [INFO] info - huobibids0={"0.00009705":"14"}
[2018-12-27 14:05:01.604] [INFO] info - huobiasks0={"0.00009706":"911"}
[2018-12-27 14:05:01.604] [INFO] info - 在B买A挂卖-0.00004989
[2018-12-27 14:05:01.604] [INFO] info - A挂买B挂卖-0.00000312
[2018-12-27 14:05:01.604] [INFO] info - 当前状态: idle
[2018-12-27 14:05:01.604] [INFO] info - coinexbids0={"0.00009683":"350"}
[2018-12-27 14:05:01.605] [INFO] info - coinexasks0={"0.00009721":"677.97167454"}
[2018-12-27 14:05:01.605] [INFO] info - huobibids0={"0.00009705":"14"}
[2018-12-27 14:05:01.605] [INFO] info - huobiasks0={"0.00009706":"911"}
[2018-12-27 14:05:01.605] [INFO] info - 在B买A挂卖-0.00004989
[2018-12-27 14:05:01.605] [INFO] info - A挂买B挂卖-0.00000312
[2018-12-27 14:05:02.532] [INFO] info - 当前状态: idle
[2018-12-27 14:05:02.533] [INFO] info - coinexbids0={"0.00009683":"350"}
[2018-12-27 14:05:02.533] [INFO] info - coinexasks0={"0.00009721":"677.97167454"}
[2018-12-27 14:05:02.533] [INFO] info - huobibids0={"0.00009705":"14"}
[2018-12-27 14:05:02.533] [INFO] info - huobiasks0={"0.00009706":"911"}
[2018-12-27 14:05:02.533] [INFO] info - 在B买A挂卖-0.00004989
[2018-12-27 14:05:02.533] [INFO] info - A挂买B挂卖-0.00000312
[2018-12-27 14:05:02.914] [INFO] info - 当前状态: idle
[2018-12-27 14:05:02.914] [INFO] info - coinexbids0={"0.00009683":"350"}
[2018-12-27 14:05:02.914] [INFO] info - coinexasks0={"0.00009721":"677.97167454"}
[2018-12-27 14:05:02.914] [INFO] info - huobibids0={"0.00009705":"14"}
[2018-12-27 14:05:02.914] [INFO] info - huobiasks0={"0.00009706":"911"}
[2018-12-27 14:05:02.914] [INFO] info - 在B买A挂卖-0.00004989
[2018-12-27 14:05:02.914] [INFO] info - A挂买B挂卖-0.00000312
[2018-12-27 14:05:04.256] [INFO] info - 当前状态: idle
[2018-12-27 14:05:04.256] [INFO] info - coinexbids0={"0.00009683":"350"}
[2018-12-27 14:05:04.256] [INFO] info - coinexasks0={"0.00009721":"677.97167454"}
[2018-12-27 14:05:04.256] [INFO] info - huobibids0={"0.00009701":"20031"}
[2018-12-27 14:05:04.256] [INFO] info - huobiasks0={"0.00009706":"811"}
[2018-12-27 14:05:04.256] [INFO] info - 在B买A挂卖-0.00004989
[2018-12-27 14:05:04.256] [INFO] info - A挂买B挂卖-0.00000278
[2018-12-27 14:05:04.865] [INFO] info - 当前状态: idle
[2018-12-27 14:05:04.865] [INFO] info - coinexbids0={"0.00009683":"350"}
[2018-12-27 14:05:04.865] [INFO] info - coinexasks0={"0.00009721":"677.97167454"}
[2018-12-27 14:05:04.865] [INFO] info - huobibids0={"0.00009701":"20031"}
[2018-12-27 14:05:04.865] [INFO] info - huobiasks0={"0.00009706":"811"}
[2018-12-27 14:05:04.865] [INFO] info - 在B买A挂卖-0.00004989
[2018-12-27 14:05:04.865] [INFO] info - A挂买B挂卖-0.00000278
[2018-12-27 14:05:04.866] [INFO] info - 当前状态: idle
[2018-12-27 14:05:04.866] [INFO] info - coinexbids0={"0.00009683":"350"}
[2018-12-27 14:05:04.866] [INFO] info - coinexasks0={"0.00009721":"677.97167454"}
[2018-12-27 14:05:04.866] [INFO] info - huobibids0={"0.00009701":"20031"}
[2018-12-27 14:05:04.866] [INFO] info - huobiasks0={"0.00009709":"5833"}
[2018-12-27 14:05:04.866] [INFO] info - 在B买A挂卖-0.00007026
[2018-12-27 14:05:04.870] [INFO] info - {"buy":{"type":"buy","price":"0.00009684","market":"A","num":5833},"sell":{"type":"sell","price":"0.00009708","market":"B","num":5833},"get":0.0005477034517037019,"first":"A","msg":"A挂买B挂卖"}
[2018-12-27 14:05:04.875] [INFO] info - 当前状态: sending
[2018-12-27 14:05:04.875] [INFO] info - coinexbids0={"0.00009683":"350"}
[2018-12-27 14:05:04.875] [INFO] info - coinexasks0={"0.00009721":"677.97167454"}
[2018-12-27 14:05:04.875] [INFO] info - huobibids0={"0.00009701":"20031"}
[2018-12-27 14:05:04.875] [INFO] info - huobiasks0={"0.00009709":"5833"}
[2018-12-27 14:05:04.875] [INFO] info - B卖-0.00025288
[2018-12-27 14:05:04.875] [INFO] info - {"buy":{"type":"buy","price":"0.00009684","market":"A","num":5833,"api":{"proxy":null,"AccessID":"8E3AB6396B5246BBA7F39F1FB467E2EB","SecretKey":"BC025BC0D90A45969D03F02F5925C37D78524E1FA387FEA2","networkqueue":{"concurrency":10,"every":1000,"maxTasks":null,"_queue":[],"_done":true}}},"sell":{"type":"sell","price":"0.00009708","market":"B","num":5833},"get":0.0005477034517037019,"first":"A","msg":"B挂卖"}
[2018-12-27 14:05:05.170] [INFO] info - 当前状态: sending
[2018-12-27 14:05:05.171] [INFO] info - coinexbids0={"0.00009683":"350"}
[2018-12-27 14:05:05.171] [INFO] info - coinexasks0={"0.00009721":"677.97167454"}
[2018-12-27 14:05:05.171] [INFO] info - huobibids0={"0.00009701":"20031"}
[2018-12-27 14:05:05.171] [INFO] info - huobiasks0={"0.00009709":"5833"}
[2018-12-27 14:05:05.171] [INFO] info - B卖-0.00025288
[2018-12-27 14:05:05.171] [INFO] info - {"buy":{"type":"buy","price":"0.00009684","market":"A","num":5833,"api":{"proxy":null,"AccessID":"8E3AB6396B5246BBA7F39F1FB467E2EB","SecretKey":"BC025BC0D90A45969D03F02F5925C37D78524E1FA387FEA2","networkqueue":{"concurrency":10,"every":1000,"maxTasks":null,"_queue":[],"_done":true}}},"sell":{"type":"sell","price":"0.00009708","market":"B","num":5833},"get":0.0005477034517037019,"first":"A","msg":"B挂卖"}
[2018-12-27 14:05:06.018] [INFO] info - 当前状态: sending
[2018-12-27 14:05:06.018] [INFO] info - coinexbids0={"0.00009683":"350"}
[2018-12-27 14:05:06.018] [INFO] info - coinexasks0={"0.00009721":"677.97167454"}
[2018-12-27 14:05:06.018] [INFO] info - huobibids0={"0.00009701":"20031"}
[2018-12-27 14:05:06.018] [INFO] info - huobiasks0={"0.0000971":"4846"}
[2018-12-27 14:05:06.018] [INFO] info - B卖-0.00025288
[2018-12-27 14:05:06.018] [INFO] info - {"buy":{"type":"buy","price":"0.00009684","market":"A","num":5833,"api":{"proxy":null,"AccessID":"8E3AB6396B5246BBA7F39F1FB467E2EB","SecretKey":"BC025BC0D90A45969D03F02F5925C37D78524E1FA387FEA2","networkqueue":{"concurrency":10,"every":1000,"maxTasks":null,"_queue":[],"_done":true}}},"sell":{"type":"sell","price":"0.00009709","market":"B","num":5833},"get":0.0007538756153387555,"first":"A","msg":"B挂卖"}
[2018-12-27 14:05:06.410] [INFO] info - 当前状态: idle
[2018-12-27 14:05:06.410] [INFO] info - coinexbids0={"0.00009683":"350"}
[2018-12-27 14:05:06.410] [INFO] info - coinexasks0={"0.0000972":"475.7539414"}
[2018-12-27 14:05:06.410] [INFO] info - huobibids0={"0.00009701":"20031"}
[2018-12-27 14:05:06.410] [INFO] info - huobiasks0={"0.0000971":"4846"}
[2018-12-27 14:05:06.411] [INFO] info - 在B买A挂卖-0.00005883
[2018-12-27 14:05:06.411] [INFO] info - {"buy":{"type":"buy","price":"0.00009684","market":"A","num":4846},"sell":{"type":"sell","price":"0.00009709","market":"B","num":4846},"get":0.0007538676148973678,"first":"A","msg":"A挂买B挂卖"}
[2018-12-27 14:05:06.412] [INFO] info - 当前状态: sending
[2018-12-27 14:05:06.412] [INFO] info - coinexbids0={"0.00009683":"350"}
[2018-12-27 14:05:06.413] [INFO] info - coinexasks0={"0.0000972":"475.7539414"}
[2018-12-27 14:05:06.413] [INFO] info - huobibids0={"0.00009701":"20031"}
[2018-12-27 14:05:06.413] [INFO] info - huobiasks0={"0.0000971":"4846"}
[2018-12-27 14:05:06.413] [INFO] info - B卖-0.00021009
[2018-12-27 14:05:06.413] [INFO] info - {"buy":{"type":"buy","price":"0.00009684","market":"A","num":4846,"api":{"proxy":null,"AccessID":"8E3AB6396B5246BBA7F39F1FB467E2EB","SecretKey":"BC025BC0D90A45969D03F02F5925C37D78524E1FA387FEA2","networkqueue":{"concurrency":10,"every":1000,"maxTasks":null,"_queue":[],"_done":true}}},"sell":{"type":"sell","price":"0.00009709","market":"B","num":4846},"get":0.0007538676148973678,"first":"A","msg":"B挂卖"}
[2018-12-27 14:05:06.925] [INFO] info - 当前状态: idle
[2018-12-27 14:05:06.926] [INFO] info - coinexbids0={"0.00009683":"350"}
[2018-12-27 14:05:06.926] [INFO] info - coinexasks0={"0.0000972":"475.7539414"}
[2018-12-27 14:05:06.926] [INFO] info - huobibids0={"0.00009701":"20031"}
[2018-12-27 14:05:06.926] [INFO] info - huobiasks0={"0.0000971":"4846"}
[2018-12-27 14:05:06.926] [INFO] info - 在B买A挂卖-0.00005883
[2018-12-27 14:05:06.926] [INFO] info - {"buy":{"type":"buy","price":"0.00009684","market":"A","num":4846},"sell":{"type":"sell","price":"0.00009709","market":"B","num":4846},"get":0.0007538676148973678,"first":"A","msg":"A挂买B挂卖"}
[2018-12-27 14:05:06.927] [INFO] info - 当前状态: sending
[2018-12-27 14:05:06.927] [INFO] info - coinexbids0={"0.00009683":"350"}
[2018-12-27 14:05:06.927] [INFO] info - coinexasks0={"0.0000972":"475.7539414"}
[2018-12-27 14:05:06.927] [INFO] info - huobibids0={"0.00009701":"20031"}
[2018-12-27 14:05:06.927] [INFO] info - huobiasks0={"0.0000971":"4846"}
[2018-12-27 14:05:06.927] [INFO] info - B卖-0.00021009
[2018-12-27 14:05:06.927] [INFO] info - {"buy":{"type":"buy","price":"0.00009684","market":"A","num":4846,"api":{"proxy":null,"AccessID":"8E3AB6396B5246BBA7F39F1FB467E2EB","SecretKey":"BC025BC0D90A45969D03F02F5925C37D78524E1FA387FEA2","networkqueue":{"concurrency":10,"every":1000,"maxTasks":null,"_queue":[],"_done":true}}},"sell":{"type":"sell","price":"0.00009709","market":"B","num":4846},"get":0.0007538676148973678,"first":"A","msg":"B挂卖"}
[2018-12-27 14:05:07.517] [INFO] info - 当前状态: idle
[2018-12-27 14:05:07.518] [INFO] info - coinexbids0={"0.00009683":"350"}
[2018-12-27 14:05:07.518] [INFO] info - coinexasks0={"0.0000972":"475.7539414"}
[2018-12-27 14:05:07.518] [INFO] info - huobibids0={"0.00009702":"65"}
[2018-12-27 14:05:07.518] [INFO] info - huobiasks0={"0.00009706":"811"}
[2018-12-27 14:05:07.518] [INFO] info - 在B买A挂卖-0.00003976
[2018-12-27 14:05:07.518] [INFO] info - A挂买B挂卖-0.00000278
[2018-12-27 14:05:07.761] [INFO] info - 当前状态: idle
[2018-12-27 14:05:07.762] [INFO] info - coinexbids0={"0.00009683":"350"}
[2018-12-27 14:05:07.762] [INFO] info - coinexasks0={"0.0000972":"475.7539414"}
[2018-12-27 14:05:07.762] [INFO] info - huobibids0={"0.00009702":"65"}
[2018-12-27 14:05:07.762] [INFO] info - huobiasks0={"0.00009706":"811"}
[2018-12-27 14:05:07.762] [INFO] info - 在B买A挂卖-0.00003976
[2018-12-27 14:05:07.762] [INFO] info - A挂买B挂卖-0.00000278
[2018-12-27 14:05:08.502] [INFO] info - 当前状态: idle
[2018-12-27 14:05:08.502] [INFO] info - coinexbids0={"0.00009683":"350"}
[2018-12-27 14:05:08.502] [INFO] info - coinexasks0={"0.0000972":"475.7539414"}
[2018-12-27 14:05:08.502] [INFO] info - huobibids0={"0.00009702":"1"}
[2018-12-27 14:05:08.502] [INFO] info - huobiasks0={"0.00009706":"811"}
[2018-12-27 14:05:08.502] [INFO] info - 在B买A挂卖-0.00003976
[2018-12-27 14:05:08.502] [INFO] info - A挂买B挂卖-0.00000278
[2018-12-27 14:05:08.738] [INFO] info - 当前状态: idle
[2018-12-27 14:05:08.738] [INFO] info - coinexbids0={"0.00009683":"350"}
[2018-12-27 14:05:08.738] [INFO] info - coinexasks0={"0.0000972":"475.7539414"}
[2018-12-27 14:05:08.738] [INFO] info - huobibids0={"0.00009702":"1"}
[2018-12-27 14:05:08.739] [INFO] info - huobiasks0={"0.00009706":"811"}
[2018-12-27 14:05:08.739] [INFO] info - 在B买A挂卖-0.00003976
[2018-12-27 14:05:08.739] [INFO] info - A挂买B挂卖-0.00000278
[2018-12-27 14:05:09.500] [INFO] info - 当前状态: idle
[2018-12-27 14:05:09.501] [INFO] info - coinexbids0={"0.00009683":"350"}
[2018-12-27 14:05:09.501] [INFO] info - coinexasks0={"0.0000972":"475.7539414"}
[2018-12-27 14:05:09.501] [INFO] info - huobibids0={"0.00009702":"2000"}
[2018-12-27 14:05:09.501] [INFO] info - huobiasks0={"0.00009706":"811"}
[2018-12-27 14:05:09.501] [INFO] info - 在B买A挂卖-0.00003976
[2018-12-27 14:05:09.501] [INFO] info - A挂买B挂卖-0.00000278
[2018-12-27 14:05:09.750] [INFO] info - 当前状态: idle
[2018-12-27 14:05:09.750] [INFO] info - coinexbids0={"0.00009683":"350"}
[2018-12-27 14:05:09.750] [INFO] info - coinexasks0={"0.0000972":"475.7539414"}
[2018-12-27 14:05:09.750] [INFO] info - huobibids0={"0.00009702":"2000"}
[2018-12-27 14:05:09.750] [INFO] info - huobiasks0={"0.00009706":"811"}
[2018-12-27 14:05:09.750] [INFO] info - 在B买A挂卖-0.00003976
[2018-12-27 14:05:09.750] [INFO] info - A挂买B挂卖-0.00000278
[2018-12-27 14:05:10.139] [INFO] info - 当前状态: idle
[2018-12-27 14:05:10.139] [INFO] info - coinexbids0={"0.00009683":"350"}
[2018-12-27 14:05:10.139] [INFO] info - coinexasks0={"0.0000972":"475.7539414"}
[2018-12-27 14:05:10.140] [INFO] info - huobibids0={"0.00009702":"2000"}
[2018-12-27 14:05:10.140] [INFO] info - huobiasks0={"0.00009706":"811"}
[2018-12-27 14:05:10.140] [INFO] info - 在B买A挂卖-0.00003976
[2018-12-27 14:05:10.140] [INFO] info - A挂买B挂卖-0.00000278
[2018-12-27 14:05:10.482] [INFO] info - 当前状态: idle
[2018-12-27 14:05:10.482] [INFO] info - coinexbids0={"0.00009683":"350"}
[2018-12-27 14:05:10.482] [INFO] info - coinexasks0={"0.0000972":"475.7539414"}
[2018-12-27 14:05:10.482] [INFO] info - huobibids0={"0.00009703":"13487"}
[2018-12-27 14:05:10.482] [INFO] info - huobiasks0={"0.00009706":"811"}
[2018-12-27 14:05:10.482] [INFO] info - 在B买A挂卖-0.00003976
[2018-12-27 14:05:10.482] [INFO] info - A挂买B挂卖-0.00000278
[2018-12-27 14:05:10.719] [INFO] info - 当前状态: idle
[2018-12-27 14:05:10.719] [INFO] info - coinexbids0={"0.00009683":"350"}
[2018-12-27 14:05:10.719] [INFO] info - coinexasks0={"0.0000972":"475.7539414"}
[2018-12-27 14:05:10.719] [INFO] info - huobibids0={"0.00009703":"13487"}
[2018-12-27 14:05:10.719] [INFO] info - huobiasks0={"0.00009706":"811"}
[2018-12-27 14:05:10.719] [INFO] info - 在B买A挂卖-0.00003976
[2018-12-27 14:05:10.719] [INFO] info - A挂买B挂卖-0.00000278
[2018-12-27 14:37:59.101] [INFO] info - 当前状态: idle
[2018-12-27 14:37:59.102] [INFO] info - coinexbids0={"0.00009636":"475.7539414"}
[2018-12-27 14:37:59.103] [INFO] info - coinexasks0={"0.00009672":"288"}
[2018-12-27 14:37:59.103] [INFO] info - huobibids0={"0.00009651":"24269"}
[2018-12-27 14:37:59.103] [INFO] info - huobiasks0={"0.00009655":"2062"}
[2018-12-27 14:37:59.103] [INFO] info - 在B买A挂卖-0.00001511
[2018-12-27 14:37:59.103] [INFO] info - B挂买A挂卖-0.00000646
[2018-12-27 14:37:59.374] [INFO] info - 当前状态: idle
[2018-12-27 14:37:59.374] [INFO] info - coinexbids0={"0.00009636":"475.7539414"}
[2018-12-27 14:37:59.374] [INFO] info - coinexasks0={"0.00009672":"288"}
[2018-12-27 14:37:59.374] [INFO] info - huobibids0={"0.00009651":"23029"}
[2018-12-27 14:37:59.374] [INFO] info - huobiasks0={"0.00009653":"54"}
[2018-12-27 14:37:59.374] [INFO] info - 在B买A挂卖-0.00000934
[2018-12-27 14:37:59.374] [INFO] info - B挂买A挂卖-0.00000646
[2018-12-27 14:37:59.635] [INFO] info - 当前状态: idle
[2018-12-27 14:37:59.635] [INFO] info - coinexbids0={"0.00009636":"475.7539414"}
[2018-12-27 14:37:59.635] [INFO] info - coinexasks0={"0.00009672":"288"}
[2018-12-27 14:37:59.635] [INFO] info - huobibids0={"0.00009651":"23029"}
[2018-12-27 14:37:59.635] [INFO] info - huobiasks0={"0.00009653":"54"}
[2018-12-27 14:37:59.635] [INFO] info - 在B买A挂卖-0.00000934
[2018-12-27 14:37:59.635] [INFO] info - B挂买A挂卖-0.00000646
[2018-12-27 14:38:00.656] [INFO] info - 当前状态: idle
[2018-12-27 14:38:00.656] [INFO] info - coinexbids0={"0.00009636":"475.7539414"}
[2018-12-27 14:38:00.656] [INFO] info - coinexasks0={"0.00009672":"288"}
[2018-12-27 14:38:00.656] [INFO] info - huobibids0={"0.00009651":"26031"}
[2018-12-27 14:38:00.656] [INFO] info - huobiasks0={"0.00009653":"54"}
[2018-12-27 14:38:00.656] [INFO] info - 在B买A挂卖-0.00000934
[2018-12-27 14:38:00.656] [INFO] info - B挂买A挂卖-0.00000646
[2018-12-27 14:38:00.892] [INFO] info - 当前状态: idle
[2018-12-27 14:38:00.892] [INFO] info - coinexbids0={"0.00009636":"475.7539414"}
[2018-12-27 14:38:00.893] [INFO] info - coinexasks0={"0.00009672":"288"}
[2018-12-27 14:38:00.893] [INFO] info - huobibids0={"0.00009651":"26031"}
[2018-12-27 14:38:00.893] [INFO] info - huobiasks0={"0.00009653":"54"}
[2018-12-27 14:38:00.893] [INFO] info - 在B买A挂卖-0.00000934
[2018-12-27 14:38:00.893] [INFO] info - B挂买A挂卖-0.00000646
[2018-12-27 14:52:15.118] [INFO] info - 当前状态: idle
[2018-12-27 14:52:15.119] [INFO] info - coinexbids0={"0.00009663":"475.7539414"}
[2018-12-27 14:52:15.120] [INFO] info - coinexasks0={"0.00009688":"2634.94983942"}
[2018-12-27 14:52:15.120] [INFO] info - huobibids0={"0.00009684":"532"}
[2018-12-27 14:52:15.120] [INFO] info - huobiasks0={"0.00009686":"1740"}
[2018-12-27 14:52:15.121] [INFO] info - 在B买A挂卖-0.00053515
[2018-12-27 14:52:15.121] [INFO] info - A挂买B挂卖-0.00000520
[2018-12-27 14:52:15.121] [INFO] info - 当前状态: idle
[2018-12-27 14:52:15.121] [INFO] info - coinexbids0={"0.00009663":"475.7539414"}
[2018-12-27 14:52:15.121] [INFO] info - coinexasks0={"0.00009688":"2634.94983942"}
[2018-12-27 14:52:15.121] [INFO] info - huobibids0={"0.00009684":"532"}
[2018-12-27 14:52:15.122] [INFO] info - huobiasks0={"0.00009686":"1740"}
[2018-12-27 14:52:15.122] [INFO] info - 在B买A挂卖-0.00053515
[2018-12-27 14:52:15.122] [INFO] info - A挂买B挂卖-0.00000520
[2018-12-27 14:52:15.426] [INFO] info - 当前状态: idle
[2018-12-27 14:52:15.426] [INFO] info - coinexbids0={"0.00009663":"475.7539414"}
[2018-12-27 14:52:15.426] [INFO] info - coinexasks0={"0.00009688":"2634.94983942"}
[2018-12-27 14:52:15.426] [INFO] info - huobibids0={"0.00009684":"532"}
[2018-12-27 14:52:15.426] [INFO] info - huobiasks0={"0.00009686":"1740"}
[2018-12-27 14:52:15.427] [INFO] info - 在B买A挂卖-0.00053515
[2018-12-27 14:52:15.427] [INFO] info - A挂买B挂卖-0.00000520
[2018-12-27 14:52:15.816] [INFO] info - 当前状态: idle
[2018-12-27 14:52:15.816] [INFO] info - coinexbids0={"0.00009663":"475.7539414"}
[2018-12-27 14:52:15.816] [INFO] info - coinexasks0={"0.00009688":"2634.94983942"}
[2018-12-27 14:52:15.816] [INFO] info - huobibids0={"0.00009684":"403"}
[2018-12-27 14:52:15.816] [INFO] info - huobiasks0={"0.00009686":"1740"}
[2018-12-27 14:52:15.816] [INFO] info - 在B买A挂卖-0.00053515
[2018-12-27 14:52:15.816] [INFO] info - A挂买B挂卖-0.00000520
[2018-12-27 14:52:15.817] [INFO] info - 当前状态: idle
[2018-12-27 14:52:15.817] [INFO] info - coinexbids0={"0.00009663":"475.7539414"}
[2018-12-27 14:52:15.817] [INFO] info - coinexasks0={"0.00009688":"2634.94983942"}
[2018-12-27 14:52:15.817] [INFO] info - huobibids0={"0.00009684":"403"}
[2018-12-27 14:52:15.817] [INFO] info - huobiasks0={"0.00009686":"1740"}
[2018-12-27 14:52:15.817] [INFO] info - 在B买A挂卖-0.00053515
[2018-12-27 14:52:15.817] [INFO] info - A挂买B挂卖-0.00000520
[2018-12-27 14:52:16.184] [INFO] info - 当前状态: idle
[2018-12-27 14:52:16.184] [INFO] info - coinexbids0={"0.00009663":"475.7539414"}
[2018-12-27 14:52:16.184] [INFO] info - coinexasks0={"0.00009688":"2634.94983942"}
[2018-12-27 14:52:16.184] [INFO] info - huobibids0={"0.00009684":"403"}
[2018-12-27 14:52:16.184] [INFO] info - huobiasks0={"0.00009686":"1740"}
[2018-12-27 14:52:16.185] [INFO] info - 在B买A挂卖-0.00053515
[2018-12-27 14:52:16.185] [INFO] info - A挂买B挂卖-0.00000520
[2018-12-27 14:52:16.522] [INFO] info - 当前状态: idle
[2018-12-27 14:52:16.523] [INFO] info - coinexbids0={"0.00009663":"475.7539414"}
[2018-12-27 14:52:16.523] [INFO] info - coinexasks0={"0.00009688":"2634.94983942"}
[2018-12-27 14:52:16.523] [INFO] info - huobibids0={"0.00009684":"403"}
[2018-12-27 14:52:16.523] [INFO] info - huobiasks0={"0.00009686":"300"}
[2018-12-27 14:52:16.523] [INFO] info - 在B买A挂卖-0.00053515
[2018-12-27 14:52:16.523] [INFO] info - A挂买B挂卖-0.00000090
[2018-12-27 14:52:16.809] [INFO] info - 当前状态: idle
[2018-12-27 14:52:16.810] [INFO] info - coinexbids0={"0.00009663":"475.7539414"}
[2018-12-27 14:52:16.810] [INFO] info - coinexasks0={"0.00009688":"2634.94983942"}
[2018-12-27 14:52:16.810] [INFO] info - huobibids0={"0.00009684":"403"}
[2018-12-27 14:52:16.810] [INFO] info - huobiasks0={"0.00009686":"300"}
[2018-12-27 14:52:16.810] [INFO] info - 在B买A挂卖-0.00053515
[2018-12-27 14:52:16.810] [INFO] info - A挂买B挂卖-0.00000090
[2018-12-27 14:52:17.147] [INFO] info - 当前状态: idle
[2018-12-27 14:52:17.147] [INFO] info - coinexbids0={"0.00009663":"475.7539414"}
[2018-12-27 14:52:17.147] [INFO] info - coinexasks0={"0.00009688":"2634.94983942"}
[2018-12-27 14:52:17.147] [INFO] info - huobibids0={"0.00009684":"403"}
[2018-12-27 14:52:17.147] [INFO] info - huobiasks0={"0.00009686":"300"}
[2018-12-27 14:52:17.147] [INFO] info - 在B买A挂卖-0.00053515
[2018-12-27 14:52:17.147] [INFO] info - A挂买B挂卖-0.00000090
[2018-12-27 14:52:17.639] [INFO] info - 当前状态: idle
[2018-12-27 14:52:17.639] [INFO] info - coinexbids0={"0.00009663":"475.7539414"}
[2018-12-27 14:52:17.639] [INFO] info - coinexasks0={"0.00009688":"2634.94983942"}
[2018-12-27 14:52:17.639] [INFO] info - huobibids0={"0.00009684":"256"}
[2018-12-27 14:52:17.640] [INFO] info - huobiasks0={"0.00009686":"300"}
[2018-12-27 14:52:17.640] [INFO] info - 在B买A挂卖-0.00053515
[2018-12-27 14:52:17.640] [INFO] info - A挂买B挂卖-0.00000090
[2018-12-27 14:52:17.893] [INFO] info - 当前状态: idle
[2018-12-27 14:52:17.893] [INFO] info - coinexbids0={"0.00009663":"475.7539414"}
[2018-12-27 14:52:17.893] [INFO] info - coinexasks0={"0.00009688":"2634.94983942"}
[2018-12-27 14:52:17.893] [INFO] info - huobibids0={"0.00009684":"256"}
[2018-12-27 14:52:17.893] [INFO] info - huobiasks0={"0.00009686":"300"}
[2018-12-27 14:52:17.893] [INFO] info - 在B买A挂卖-0.00053515
[2018-12-27 14:52:17.893] [INFO] info - A挂买B挂卖-0.00000090
[2018-12-27 14:52:18.212] [INFO] info - 当前状态: idle
[2018-12-27 14:52:18.212] [INFO] info - coinexbids0={"0.00009663":"475.7539414"}
[2018-12-27 14:52:18.213] [INFO] info - coinexasks0={"0.00009688":"2634.94983942"}
[2018-12-27 14:52:18.213] [INFO] info - huobibids0={"0.00009684":"256"}
[2018-12-27 14:52:18.213] [INFO] info - huobiasks0={"0.00009686":"300"}
[2018-12-27 14:52:18.213] [INFO] info - 在B买A挂卖-0.00053515
[2018-12-27 14:52:18.213] [INFO] info - A挂买B挂卖-0.00000090
[2018-12-27 14:52:18.518] [INFO] info - 当前状态: idle
[2018-12-27 14:52:18.518] [INFO] info - coinexbids0={"0.00009663":"475.7539414"}
[2018-12-27 14:52:18.518] [INFO] info - coinexasks0={"0.00009688":"2634.94983942"}
[2018-12-27 14:52:18.518] [INFO] info - huobibids0={"0.00009684":"25"}
[2018-12-27 14:52:18.518] [INFO] info - huobiasks0={"0.00009686":"300"}
[2018-12-27 14:52:18.518] [INFO] info - 在B买A挂卖-0.00053515
[2018-12-27 14:52:18.518] [INFO] info - A挂买B挂卖-0.00000090
[2018-12-27 14:52:18.826] [INFO] info - 当前状态: idle
[2018-12-27 14:52:18.826] [INFO] info - coinexbids0={"0.00009663":"475.7539414"}
[2018-12-27 14:52:18.826] [INFO] info - coinexasks0={"0.00009688":"2634.94983942"}
[2018-12-27 14:52:18.826] [INFO] info - huobibids0={"0.00009684":"25"}
[2018-12-27 14:52:18.826] [INFO] info - huobiasks0={"0.00009686":"300"}
[2018-12-27 14:52:18.826] [INFO] info - 在B买A挂卖-0.00053515
[2018-12-27 14:52:18.827] [INFO] info - A挂买B挂卖-0.00000090
[2018-12-27 14:53:52.892] [INFO] info - 当前状态: idle
[2018-12-27 14:53:52.893] [INFO] info - coinexbids0={"0.00009656":"475.7539414"}
[2018-12-27 14:53:52.893] [INFO] info - coinexasks0={"0.00009688":"2634.94983942"}
[2018-12-27 14:53:52.893] [INFO] info - huobibids0={"0.00009676":"420"}
[2018-12-27 14:53:52.893] [INFO] info - huobiasks0={"0.00009683":"91"}
[2018-12-27 14:53:52.894] [INFO] info - 在B买A挂卖-0.00045595
[2018-12-27 14:53:52.894] [INFO] info - {"buy":{"type":"buy","price":"0.00009657","market":"A","num":91},"sell":{"type":"sell","price":"0.00009682","market":"B","num":91},"get":0.0007692421485524937,"first":"A","msg":"A挂买B挂卖"}
[2018-12-27 14:53:53.177] [INFO] info - 当前状态: sending
[2018-12-27 14:53:53.177] [INFO] info - coinexbids0={"0.00009656":"475.7539414"}
[2018-12-27 14:53:53.177] [INFO] info - coinexasks0={"0.00009688":"2634.94983942"}
[2018-12-27 14:53:53.177] [INFO] info - huobibids0={"0.00009676":"420"}
[2018-12-27 14:53:53.177] [INFO] info - huobiasks0={"0.00009683":"91"}
[2018-12-27 14:53:53.178] [INFO] info - B卖-0.00000207
[2018-12-27 14:53:53.178] [INFO] info - {"buy":{"type":"buy","price":"0.00009657","market":"A","num":91,"api":{"proxy":null,"AccessID":"8E3AB6396B5246BBA7F39F1FB467E2EB","SecretKey":"BC025BC0D90A45969D03F02F5925C37D78524E1FA387FEA2","networkqueue":{"concurrency":10,"every":1000,"maxTasks":null,"_queue":[],"_done":true}}},"sell":{"type":"sell","price":"0.00009682","market":"B","num":91},"get":0.0007692421485524937,"first":"A","msg":"B挂卖"}
[2018-12-27 14:53:53.178] [INFO] info - 当前状态: sending
[2018-12-27 14:53:53.178] [INFO] info - coinexbids0={"0.00009656":"475.7539414"}
[2018-12-27 14:53:53.178] [INFO] info - coinexasks0={"0.00009688":"2634.94983942"}
[2018-12-27 14:53:53.178] [INFO] info - huobibids0={"0.00009676":"420"}
[2018-12-27 14:53:53.178] [INFO] info - huobiasks0={"0.00009683":"91"}
[2018-12-27 14:53:53.178] [INFO] info - B卖-0.00000207
[2018-12-27 14:53:53.179] [INFO] info - {"buy":{"type":"buy","price":"0.00009657","market":"A","num":91,"api":{"proxy":null,"AccessID":"8E3AB6396B5246BBA7F39F1FB467E2EB","SecretKey":"BC025BC0D90A45969D03F02F5925C37D78524E1FA387FEA2","networkqueue":{"concurrency":10,"every":1000,"maxTasks":null,"_queue":[],"_done":true}}},"sell":{"type":"sell","price":"0.00009682","market":"B","num":91},"get":0.0007692421485524937,"first":"A","msg":"B挂卖"}
[2018-12-27 14:53:53.520] [INFO] info - 当前状态: sending
[2018-12-27 14:53:53.520] [INFO] info - coinexbids0={"0.00009656":"475.7539414"}
[2018-12-27 14:53:53.520] [INFO] info - coinexasks0={"0.00009688":"2634.94983942"}
[2018-12-27 14:53:53.520] [INFO] info - huobibids0={"0.00009676":"420"}
[2018-12-27 14:53:53.520] [INFO] info - huobiasks0={"0.00009683":"91"}
[2018-12-27 14:53:53.520] [INFO] info - B卖-0.00000207
[2018-12-27 14:53:53.521] [INFO] info - {"buy":{"type":"buy","price":"0.00009657","market":"A","num":91,"api":{"proxy":null,"AccessID":"8E3AB6396B5246BBA7F39F1FB467E2EB","SecretKey":"BC025BC0D90A45969D03F02F5925C37D78524E1FA387FEA2","networkqueue":{"concurrency":10,"every":1000,"maxTasks":null,"_queue":[],"_done":true}}},"sell":{"type":"sell","price":"0.00009682","market":"B","num":91},"get":0.0007692421485524937,"first":"A","msg":"B挂卖"}
[2018-12-27 14:53:54.667] [INFO] info - 当前状态: sending
[2018-12-27 14:53:54.667] [INFO] info - coinexbids0={"0.00009656":"475.7539414"}
[2018-12-27 14:53:54.667] [INFO] info - coinexasks0={"0.00009688":"2634.94983942"}
[2018-12-27 14:53:54.667] [INFO] info - huobibids0={"0.00009676":"420"}
[2018-12-27 14:53:54.667] [INFO] info - huobiasks0={"0.00009683":"91"}
[2018-12-27 14:53:54.667] [INFO] info - B卖-0.00000207
[2018-12-27 14:53:54.667] [INFO] info - {"buy":{"type":"buy","price":"0.00009657","market":"A","num":91,"api":{"proxy":null,"AccessID":"8E3AB6396B5246BBA7F39F1FB467E2EB","SecretKey":"BC025BC0D90A45969D03F02F5925C37D78524E1FA387FEA2","networkqueue":{"concurrency":10,"every":1000,"maxTasks":null,"_queue":[],"_done":true}}},"sell":{"type":"sell","price":"0.00009682","market":"B","num":91},"get":0.0007692421485524937,"first":"A","msg":"B挂卖"}
[2018-12-27 14:53:54.897] [INFO] info - 当前状态: sending
[2018-12-27 14:53:54.897] [INFO] info - coinexbids0={"0.00009656":"475.7539414"}
[2018-12-27 14:53:54.897] [INFO] info - coinexasks0={"0.00009688":"2634.94983942"}
[2018-12-27 14:53:54.897] [INFO] info - huobibids0={"0.00009676":"420"}
[2018-12-27 14:53:54.897] [INFO] info - huobiasks0={"0.00009683":"91"}
[2018-12-27 14:53:54.897] [INFO] info - B卖-0.00000207
[2018-12-27 14:53:54.897] [INFO] info - {"buy":{"type":"buy","price":"0.00009657","market":"A","num":91,"api":{"proxy":null,"AccessID":"8E3AB6396B5246BBA7F39F1FB467E2EB","SecretKey":"BC025BC0D90A45969D03F02F5925C37D78524E1FA387FEA2","networkqueue":{"concurrency":10,"every":1000,"maxTasks":null,"_queue":[],"_done":true}}},"sell":{"type":"sell","price":"0.00009682","market":"B","num":91},"get":0.0007692421485524937,"first":"A","msg":"B挂卖"}
[2018-12-27 14:53:55.506] [INFO] info - 当前状态: sending
[2018-12-27 14:53:55.507] [INFO] info - coinexbids0={"0.00009656":"475.7539414"}
[2018-12-27 14:53:55.507] [INFO] info - coinexasks0={"0.00009688":"2634.94983942"}
[2018-12-27 14:53:55.507] [INFO] info - huobibids0={"0.00009676":"420"}
[2018-12-27 14:53:55.507] [INFO] info - huobiasks0={"0.00009683":"91"}
[2018-12-27 14:53:55.507] [INFO] info - B卖-0.00000207
[2018-12-27 14:53:55.507] [INFO] info - {"buy":{"type":"buy","price":"0.00009657","market":"A","num":91,"api":{"proxy":null,"AccessID":"8E3AB6396B5246BBA7F39F1FB467E2EB","SecretKey":"BC025BC0D90A45969D03F02F5925C37D78524E1FA387FEA2","networkqueue":{"concurrency":10,"every":1000,"maxTasks":null,"_queue":[],"_done":true}}},"sell":{"type":"sell","price":"0.00009682","market":"B","num":91},"get":0.0007692421485524937,"first":"A","msg":"B挂卖"}
[2018-12-27 14:53:56.079] [INFO] info - 当前状态: sending
[2018-12-27 14:53:56.080] [INFO] info - coinexbids0={"0.00009656":"475.7539414"}
[2018-12-27 14:53:56.080] [INFO] info - coinexasks0={"0.00009688":"2634.94983942"}
[2018-12-27 14:53:56.080] [INFO] info - huobibids0={"0.00009676":"420"}
[2018-12-27 14:53:56.080] [INFO] info - huobiasks0={"0.00009683":"91"}
[2018-12-27 14:53:56.080] [INFO] info - B卖-0.00000207
[2018-12-27 14:53:56.080] [INFO] info - {"buy":{"type":"buy","price":"0.00009657","market":"A","num":91,"api":{"proxy":null,"AccessID":"8E3AB6396B5246BBA7F39F1FB467E2EB","SecretKey":"BC025BC0D90A45969D03F02F5925C37D78524E1FA387FEA2","networkqueue":{"concurrency":10,"every":1000,"maxTasks":null,"_queue":[],"_done":true}}},"sell":{"type":"sell","price":"0.00009682","market":"B","num":91},"get":0.0007692421485524937,"first":"A","msg":"B挂卖"}
[2018-12-27 14:53:56.512] [INFO] info - 当前状态: sending
[2018-12-27 14:53:56.512] [INFO] info - coinexbids0={"0.00009656":"475.7539414"}
[2018-12-27 14:53:56.512] [INFO] info - coinexasks0={"0.00009688":"2634.94983942"}
[2018-12-27 14:53:56.513] [INFO] info - huobibids0={"0.00009676":"340"}
[2018-12-27 14:53:56.513] [INFO] info - huobiasks0={"0.00009683":"91"}
[2018-12-27 14:53:56.513] [INFO] info - B卖-0.00000207
[2018-12-27 14:53:56.513] [INFO] info - {"buy":{"type":"buy","price":"0.00009657","market":"A","num":91,"api":{"proxy":null,"AccessID":"8E3AB6396B5246BBA7F39F1FB467E2EB","SecretKey":"BC025BC0D90A45969D03F02F5925C37D78524E1FA387FEA2","networkqueue":{"concurrency":10,"every":1000,"maxTasks":null,"_queue":[],"_done":true}}},"sell":{"type":"sell","price":"0.00009682","market":"B","num":91},"get":0.0007692421485524937,"first":"A","msg":"B挂卖"}
[2018-12-27 14:53:56.767] [INFO] info - 当前状态: sending
[2018-12-27 14:53:56.767] [INFO] info - coinexbids0={"0.00009656":"475.7539414"}
[2018-12-27 14:53:56.767] [INFO] info - coinexasks0={"0.00009688":"2634.94983942"}
[2018-12-27 14:53:56.767] [INFO] info - huobibids0={"0.00009676":"340"}
[2018-12-27 14:53:56.767] [INFO] info - huobiasks0={"0.00009683":"91"}
[2018-12-27 14:53:56.767] [INFO] info - B卖-0.00000207
[2018-12-27 14:53:56.767] [INFO] info - {"buy":{"type":"buy","price":"0.00009657","market":"A","num":91,"api":{"proxy":null,"AccessID":"8E3AB6396B5246BBA7F39F1FB467E2EB","SecretKey":"BC025BC0D90A45969D03F02F5925C37D78524E1FA387FEA2","networkqueue":{"concurrency":10,"every":1000,"maxTasks":null,"_queue":[],"_done":true}}},"sell":{"type":"sell","price":"0.00009682","market":"B","num":91},"get":0.0007692421485524937,"first":"A","msg":"B挂卖"}
[2018-12-27 14:56:03.108] [INFO] info - 当前状态: idle
[2018-12-27 14:56:03.110] [INFO] info - coinexbids0={"0.00009661":"475.7539414"}
[2018-12-27 14:56:03.110] [INFO] info - coinexasks0={"0.00009688":"2634.94983942"}
[2018-12-27 14:56:03.110] [INFO] info - huobibids0={"0.00009677":"2192"}
[2018-12-27 14:56:03.110] [INFO] info - huobiasks0={"0.00009684":"11"}
[2018-12-27 14:56:03.111] [INFO] info - 在B买A挂卖-0.00048235
[2018-12-27 14:56:03.111] [INFO] info - A挂买B挂卖-0.00000003
[2018-12-27 14:56:03.521] [INFO] info - 当前状态: idle
[2018-12-27 14:56:03.521] [INFO] info - coinexbids0={"0.00009661":"475.7539414"}
[2018-12-27 14:56:03.521] [INFO] info - coinexasks0={"0.00009688":"2634.94983942"}
[2018-12-27 14:56:03.521] [INFO] info - huobibids0={"0.00009677":"2192"}
[2018-12-27 14:56:03.521] [INFO] info - huobiasks0={"0.00009684":"11"}
[2018-12-27 14:56:03.521] [INFO] info - 在B买A挂卖-0.00048235
[2018-12-27 14:56:03.521] [INFO] info - A挂买B挂卖-0.00000003
[2018-12-27 14:56:03.768] [INFO] info - 当前状态: idle
[2018-12-27 14:56:03.769] [INFO] info - coinexbids0={"0.00009661":"475.7539414"}
[2018-12-27 14:56:03.769] [INFO] info - coinexasks0={"0.00009688":"2634.94983942"}
[2018-12-27 14:56:03.769] [INFO] info - huobibids0={"0.00009677":"2192"}
[2018-12-27 14:56:03.769] [INFO] info - huobiasks0={"0.00009684":"11"}
[2018-12-27 14:56:03.769] [INFO] info - 在B买A挂卖-0.00048235
[2018-12-27 14:56:03.769] [INFO] info - A挂买B挂卖-0.00000003
[2018-12-27 14:56:04.378] [INFO] info - 当前状态: idle
[2018-12-27 14:56:04.379] [INFO] info - coinexbids0={"0.00009661":"475.7539414"}
[2018-12-27 14:56:04.379] [INFO] info - coinexasks0={"0.00009688":"2634.94983942"}
[2018-12-27 14:56:04.379] [INFO] info - huobibids0={"0.00009677":"2192"}
[2018-12-27 14:56:04.379] [INFO] info - huobiasks0={"0.00009684":"11"}
[2018-12-27 14:56:04.379] [INFO] info - 在B买A挂卖-0.00048235
[2018-12-27 14:56:04.379] [INFO] info - A挂买B挂卖-0.00000003
[2018-12-27 14:56:05.321] [INFO] info - 当前状态: idle
[2018-12-27 14:56:05.321] [INFO] info - coinexbids0={"0.00009661":"475.7539414"}
[2018-12-27 14:56:05.322] [INFO] info - coinexasks0={"0.00009688":"2634.94983942"}
[2018-12-27 14:56:05.322] [INFO] info - huobibids0={"0.00009677":"2192"}
[2018-12-27 14:56:05.322] [INFO] info - huobiasks0={"0.00009684":"11"}
[2018-12-27 14:56:05.322] [INFO] info - 在B买A挂卖-0.00048235
[2018-12-27 14:56:05.322] [INFO] info - A挂买B挂卖-0.00000003
[2018-12-27 14:56:05.686] [INFO] info - 当前状态: idle
[2018-12-27 14:56:05.686] [INFO] info - coinexbids0={"0.00009661":"475.7539414"}
[2018-12-27 14:56:05.686] [INFO] info - coinexasks0={"0.00009688":"2634.94983942"}
[2018-12-27 14:56:05.687] [INFO] info - huobibids0={"0.00009677":"2192"}
[2018-12-27 14:56:05.687] [INFO] info - huobiasks0={"0.00009684":"11"}
[2018-12-27 14:56:05.687] [INFO] info - 在B买A挂卖-0.00048235
[2018-12-27 14:56:05.687] [INFO] info - A挂买B挂卖-0.00000003
[2018-12-27 14:56:05.687] [INFO] info - 当前状态: idle
[2018-12-27 14:56:05.688] [INFO] info - coinexbids0={"0.00009661":"475.7539414"}
[2018-12-27 14:56:05.688] [INFO] info - coinexasks0={"0.00009688":"2634.94983942"}
[2018-12-27 14:56:05.688] [INFO] info - huobibids0={"0.00009677":"2062"}
[2018-12-27 14:56:05.688] [INFO] info - huobiasks0={"0.00009684":"11"}
[2018-12-27 14:56:05.688] [INFO] info - 在B买A挂卖-0.00048235
[2018-12-27 14:56:05.688] [INFO] info - A挂买B挂卖-0.00000003
[2018-12-27 14:56:05.688] [INFO] info - 当前状态: idle
[2018-12-27 14:56:05.688] [INFO] info - coinexbids0={"0.00009661":"475.7539414"}
[2018-12-27 14:56:05.688] [INFO] info - coinexasks0={"0.00009688":"2634.94983942"}
[2018-12-27 14:56:05.688] [INFO] info - huobibids0={"0.00009675":"2080"}
[2018-12-27 14:56:05.688] [INFO] info - huobiasks0={"0.00009684":"11"}
[2018-12-27 14:56:05.688] [INFO] info - 在B买A挂卖-0.00048235
[2018-12-27 14:56:05.689] [INFO] info - A挂买B挂卖-0.00000003
[2018-12-27 14:56:06.466] [INFO] info - 当前状态: idle
[2018-12-27 14:56:06.466] [INFO] info - coinexbids0={"0.00009661":"475.7539414"}
[2018-12-27 14:56:06.466] [INFO] info - coinexasks0={"0.00009688":"2634.94983942"}
[2018-12-27 14:56:06.466] [INFO] info - huobibids0={"0.00009677":"4062"}
[2018-12-27 14:56:06.467] [INFO] info - huobiasks0={"0.00009684":"11"}
[2018-12-27 14:56:06.467] [INFO] info - 在B买A挂卖-0.00048235
[2018-12-27 14:56:06.467] [INFO] info - A挂买B挂卖-0.00000003
[2018-12-27 14:56:06.713] [INFO] info - 当前状态: idle
[2018-12-27 14:56:06.713] [INFO] info - coinexbids0={"0.00009661":"475.7539414"}
[2018-12-27 14:56:06.713] [INFO] info - coinexasks0={"0.00009688":"2634.94983942"}
[2018-12-27 14:56:06.713] [INFO] info - huobibids0={"0.00009677":"4062"}
[2018-12-27 14:56:06.713] [INFO] info - huobiasks0={"0.00009684":"11"}
[2018-12-27 14:56:06.713] [INFO] info - 在B买A挂卖-0.00048235
[2018-12-27 14:56:06.713] [INFO] info - A挂买B挂卖-0.00000003
[2018-12-27 14:56:07.146] [INFO] info - 当前状态: idle
[2018-12-27 14:56:07.146] [INFO] info - coinexbids0={"0.00009661":"475.7539414"}
[2018-12-27 14:56:07.146] [INFO] info - coinexasks0={"0.00009688":"2634.94983942"}
[2018-12-27 14:56:07.146] [INFO] info - huobibids0={"0.00009677":"4062"}
[2018-12-27 14:56:07.146] [INFO] info - huobiasks0={"0.00009684":"11"}
[2018-12-27 14:56:07.146] [INFO] info - 在B买A挂卖-0.00048235
[2018-12-27 14:56:07.146] [INFO] info - A挂买B挂卖-0.00000003
[2018-12-27 14:56:07.428] [INFO] info - 当前状态: idle
[2018-12-27 14:56:07.428] [INFO] info - coinexbids0={"0.00009661":"475.7539414"}
[2018-12-27 14:56:07.428] [INFO] info - coinexasks0={"0.00009688":"2634.94983942"}
[2018-12-27 14:56:07.428] [INFO] info - huobibids0={"0.00009674":"1033"}
[2018-12-27 14:56:07.428] [INFO] info - huobiasks0={"0.00009684":"11"}
[2018-12-27 14:56:07.428] [INFO] info - 在B买A挂卖-0.00048235
[2018-12-27 14:56:07.428] [INFO] info - A挂买B挂卖-0.00000003
[2018-12-27 14:56:07.684] [INFO] info - 当前状态: idle
[2018-12-27 14:56:07.684] [INFO] info - coinexbids0={"0.00009661":"475.7539414"}
[2018-12-27 14:56:07.684] [INFO] info - coinexasks0={"0.00009688":"2634.94983942"}
[2018-12-27 14:56:07.684] [INFO] info - huobibids0={"0.00009674":"1033"}
[2018-12-27 14:56:07.684] [INFO] info - huobiasks0={"0.00009684":"11"}
[2018-12-27 14:56:07.685] [INFO] info - 在B买A挂卖-0.00048235
[2018-12-27 14:56:07.685] [INFO] info - A挂买B挂卖-0.00000003
[2018-12-27 14:56:08.193] [INFO] info - 当前状态: idle
[2018-12-27 14:56:08.193] [INFO] info - coinexbids0={"0.00009661":"475.7539414"}
[2018-12-27 14:56:08.193] [INFO] info - coinexasks0={"0.00009688":"2634.94983942"}
[2018-12-27 14:56:08.193] [INFO] info - huobibids0={"0.00009674":"1033"}
[2018-12-27 14:56:08.193] [INFO] info - huobiasks0={"0.00009684":"11"}
[2018-12-27 14:56:08.194] [INFO] info - 在B买A挂卖-0.00048235
[2018-12-27 14:56:08.194] [INFO] info - A挂买B挂卖-0.00000003
[2018-12-27 14:56:09.140] [INFO] info - 当前状态: idle
[2018-12-27 14:56:09.140] [INFO] info - coinexbids0={"0.00009661":"475.7539414"}
[2018-12-27 14:56:09.140] [INFO] info - coinexasks0={"0.00009688":"2634.94983942"}
[2018-12-27 14:56:09.140] [INFO] info - huobibids0={"0.00009675":"340"}
[2018-12-27 14:56:09.140] [INFO] info - huobiasks0={"0.00009684":"11"}
[2018-12-27 14:56:09.140] [INFO] info - 在B买A挂卖-0.00048235
[2018-12-27 14:56:09.140] [INFO] info - A挂买B挂卖-0.00000003
[2018-12-27 14:56:09.141] [INFO] info - 当前状态: idle
[2018-12-27 14:56:09.141] [INFO] info - coinexbids0={"0.00009661":"475.7539414"}
[2018-12-27 14:56:09.141] [INFO] info - coinexasks0={"0.00009688":"2634.94983942"}
[2018-12-27 14:56:09.141] [INFO] info - huobibids0={"0.00009675":"340"}
[2018-12-27 14:56:09.141] [INFO] info - huobiasks0={"0.00009684":"11"}
[2018-12-27 14:56:09.141] [INFO] info - 在B买A挂卖-0.00048235
[2018-12-27 14:56:09.141] [INFO] info - A挂买B挂卖-0.00000003
[2018-12-27 14:56:11.519] [INFO] info - 当前状态: idle
[2018-12-27 14:56:11.519] [INFO] info - coinexbids0={"0.00009648":"4797.28235834"}
[2018-12-27 14:56:11.519] [INFO] info - coinexasks0={"0.00009688":"2634.94983942"}
[2018-12-27 14:56:11.519] [INFO] info - huobibids0={"0.00009675":"340"}
[2018-12-27 14:56:11.519] [INFO] info - huobiasks0={"0.00009684":"11"}
[2018-12-27 14:56:11.520] [INFO] info - 在B买A挂卖-0.00048235
[2018-12-27 14:56:11.520] [INFO] info - {"buy":{"type":"buy","price":"0.00009649","market":"A","num":11},"sell":{"type":"sell","price":"0.00009683","market":"B","num":11},"get":0.0026380501041087627,"first":"A","msg":"A挂买B挂卖"}
[2018-12-27 14:56:12.644] [INFO] info - 当前状态: idle
[2018-12-27 14:56:12.644] [INFO] info - coinexbids0={"0.00009649":"475.7539414"}
[2018-12-27 14:56:12.644] [INFO] info - coinexasks0={"0.00009688":"2634.94983942"}
[2018-12-27 14:56:12.644] [INFO] info - huobibids0={"0.00009675":"340"}
[2018-12-27 14:56:12.644] [INFO] info - huobiasks0={"0.00009684":"11"}
[2018-12-27 14:56:12.644] [INFO] info - 在B买A挂卖-0.00048235
[2018-12-27 14:56:12.644] [INFO] info - {"buy":{"type":"buy","price":"0.00009650","market":"A","num":11},"sell":{"type":"sell","price":"0.00009683","market":"B","num":11},"get":0.002430522845030617,"first":"A","msg":"A挂买B挂卖"}
[2018-12-27 14:56:12.645] [INFO] info - 当前状态: sending
[2018-12-27 14:56:12.645] [INFO] info - coinexbids0={"0.00009658":"350"}
[2018-12-27 14:56:12.645] [INFO] info - coinexasks0={"0.00009688":"2634.94983942"}
[2018-12-27 14:56:12.645] [INFO] info - huobibids0={"0.00009675":"340"}
[2018-12-27 14:56:12.645] [INFO] info - huobiasks0={"0.00009684":"11"}
[2018-12-27 14:56:12.645] [INFO] info - {"buy":{"type":"buy","price":"0.00009650","market":"A","num":11,"api":{"proxy":null,"AccessID":"8E3AB6396B5246BBA7F39F1FB467E2EB","SecretKey":"BC025BC0D90A45969D03F02F5925C37D78524E1FA387FEA2","networkqueue":{"concurrency":10,"every":1000,"maxTasks":null,"_queue":[],"_done":true}}},"sell":{"type":"sell","price":"0.00009675","market":"B","num":11},"get":0.0007724917569477153,"first":"A","msg":"B卖"}
[2018-12-27 14:56:12.646] [INFO] info - 当前状态: sending
[2018-12-27 14:56:12.646] [INFO] info - coinexbids0={"0.00009658":"350"}
[2018-12-27 14:56:12.646] [INFO] info - coinexasks0={"0.00009688":"2634.94983942"}
[2018-12-27 14:56:12.646] [INFO] info - huobibids0={"0.00009675":"340"}
[2018-12-27 14:56:12.646] [INFO] info - huobiasks0={"0.00009684":"11"}
[2018-12-27 14:56:12.646] [INFO] info - {"buy":{"type":"buy","price":"0.00009650","market":"A","num":11,"api":{"proxy":null,"AccessID":"8E3AB6396B5246BBA7F39F1FB467E2EB","SecretKey":"BC025BC0D90A45969D03F02F5925C37D78524E1FA387FEA2","networkqueue":{"concurrency":10,"every":1000,"maxTasks":null,"_queue":[],"_done":true}}},"sell":{"type":"sell","price":"0.00009675","market":"B","num":11},"get":0.0007724917569477153,"first":"A","msg":"B卖"}
[2018-12-27 14:56:12.647] [INFO] info - 当前状态: sending
[2018-12-27 14:56:12.647] [INFO] info - coinexbids0={"0.00009658":"350"}
[2018-12-27 14:56:12.647] [INFO] info - coinexasks0={"0.00009688":"2634.94983942"}
[2018-12-27 14:56:12.647] [INFO] info - huobibids0={"0.00009675":"340"}
[2018-12-27 14:56:12.647] [INFO] info - huobiasks0={"0.00009684":"11"}
[2018-12-27 14:56:12.647] [INFO] info - {"buy":{"type":"buy","price":"0.00009650","market":"A","num":11,"api":{"proxy":null,"AccessID":"8E3AB6396B5246BBA7F39F1FB467E2EB","SecretKey":"BC025BC0D90A45969D03F02F5925C37D78524E1FA387FEA2","networkqueue":{"concurrency":10,"every":1000,"maxTasks":null,"_queue":[],"_done":true}}},"sell":{"type":"sell","price":"0.00009675","market":"B","num":11},"get":0.0007724917569477153,"first":"A","msg":"B卖"}
[2018-12-27 14:56:12.647] [INFO] info - 当前状态: sending
[2018-12-27 14:56:12.647] [INFO] info - coinexbids0={"0.00009658":"350"}
[2018-12-27 14:56:12.647] [INFO] info - coinexasks0={"0.00009688":"2634.94983942"}
[2018-12-27 14:56:12.647] [INFO] info - huobibids0={"0.00009675":"340"}
[2018-12-27 14:56:12.650] [INFO] info - huobiasks0={"0.00009684":"11"}
[2018-12-27 14:56:12.650] [INFO] info - {"buy":{"type":"buy","price":"0.00009650","market":"A","num":11,"api":{"proxy":null,"AccessID":"8E3AB6396B5246BBA7F39F1FB467E2EB","SecretKey":"BC025BC0D90A45969D03F02F5925C37D78524E1FA387FEA2","networkqueue":{"concurrency":10,"every":1000,"maxTasks":null,"_queue":[],"_done":true}}},"sell":{"type":"sell","price":"0.00009675","market":"B","num":11},"get":0.0007724917569477153,"first":"A","msg":"B卖"}
[2018-12-27 14:56:12.651] [INFO] info - 当前状态: sending
[2018-12-27 14:56:12.651] [INFO] info - coinexbids0={"0.00009658":"350"}
[2018-12-27 14:56:12.651] [INFO] info - coinexasks0={"0.00009688":"2634.94983942"}
[2018-12-27 14:56:12.651] [INFO] info - huobibids0={"0.00009675":"340"}
[2018-12-27 14:56:12.652] [INFO] info - huobiasks0={"0.00009684":"11"}
[2018-12-27 14:56:12.652] [INFO] info - {"buy":{"type":"buy","price":"0.00009650","market":"A","num":11,"api":{"proxy":null,"AccessID":"8E3AB6396B5246BBA7F39F1FB467E2EB","SecretKey":"BC025BC0D90A45969D03F02F5925C37D78524E1FA387FEA2","networkqueue":{"concurrency":10,"every":1000,"maxTasks":null,"_queue":[],"_done":true}}},"sell":{"type":"sell","price":"0.00009675","market":"B","num":11},"get":0.0007724917569477153,"first":"A","msg":"B卖"}
[2018-12-27 14:56:12.652] [INFO] info - 当前状态: sending
[2018-12-27 14:56:12.652] [INFO] info - coinexbids0={"0.00009658":"350"}
[2018-12-27 14:56:12.652] [INFO] info - coinexasks0={"0.00009688":"2634.94983942"}
[2018-12-27 14:56:12.652] [INFO] info - huobibids0={"0.00009675":"340"}
[2018-12-27 14:56:12.652] [INFO] info - huobiasks0={"0.00009684":"11"}
[2018-12-27 14:56:12.652] [INFO] info - {"buy":{"type":"buy","price":"0.00009650","market":"A","num":11,"api":{"proxy":null,"AccessID":"8E3AB6396B5246BBA7F39F1FB467E2EB","SecretKey":"BC025BC0D90A45969D03F02F5925C37D78524E1FA387FEA2","networkqueue":{"concurrency":10,"every":1000,"maxTasks":null,"_queue":[],"_done":true}}},"sell":{"type":"sell","price":"0.00009675","market":"B","num":11},"get":0.0007724917569477153,"first":"A","msg":"B卖"}
[2018-12-27 14:56:12.653] [INFO] info - 当前状态: sending
[2018-12-27 14:56:12.653] [INFO] info - coinexbids0={"0.00009658":"350"}
[2018-12-27 14:56:12.653] [INFO] info - coinexasks0={"0.00009688":"2634.94983942"}
[2018-12-27 14:56:12.653] [INFO] info - huobibids0={"0.00009675":"340"}
[2018-12-27 14:56:12.653] [INFO] info - huobiasks0={"0.00009684":"11"}
[2018-12-27 14:56:12.653] [INFO] info - {"buy":{"type":"buy","price":"0.00009650","market":"A","num":11,"api":{"proxy":null,"AccessID":"8E3AB6396B5246BBA7F39F1FB467E2EB","SecretKey":"BC025BC0D90A45969D03F02F5925C37D78524E1FA387FEA2","networkqueue":{"concurrency":10,"every":1000,"maxTasks":null,"_queue":[],"_done":true}}},"sell":{"type":"sell","price":"0.00009675","market":"B","num":11},"get":0.0007724917569477153,"first":"A","msg":"B卖"}
[2018-12-27 14:56:13.043] [INFO] info - 当前状态: sending
[2018-12-27 14:56:13.043] [INFO] info - coinexbids0={"0.00009659":"475.7539414"}
[2018-12-27 14:56:13.043] [INFO] info - coinexasks0={"0.00009688":"2634.94983942"}
[2018-12-27 14:56:13.043] [INFO] info - huobibids0={"0.00009675":"340"}
[2018-12-27 14:56:13.043] [INFO] info - huobiasks0={"0.00009684":"11"}
[2018-12-27 14:56:13.043] [INFO] info - {"buy":{"type":"buy","price":"0.00009650","market":"A","num":11,"api":{"proxy":null,"AccessID":"8E3AB6396B5246BBA7F39F1FB467E2EB","SecretKey":"BC025BC0D90A45969D03F02F5925C37D78524E1FA387FEA2","networkqueue":{"concurrency":10,"every":1000,"maxTasks":null,"_queue":[],"_done":true}}},"sell":{"type":"sell","price":"0.00009675","market":"B","num":11},"get":0.0007724917569477153,"first":"A","msg":"B卖"}
[2018-12-27 14:56:13.044] [INFO] info - 当前状态: sending
[2018-12-27 14:56:13.044] [INFO] info - coinexbids0={"0.00009659":"475.7539414"}
[2018-12-27 14:56:13.044] [INFO] info - coinexasks0={"0.00009688":"2634.94983942"}
[2018-12-27 14:56:13.044] [INFO] info - huobibids0={"0.00009674":"2000"}
[2018-12-27 14:56:13.044] [INFO] info - huobiasks0={"0.00009684":"261"}
[2018-12-27 14:56:13.044] [INFO] info - {"buy":{"type":"buy","price":"0.00009650","market":"A","num":11,"api":{"proxy":null,"AccessID":"8E3AB6396B5246BBA7F39F1FB467E2EB","SecretKey":"BC025BC0D90A45969D03F02F5925C37D78524E1FA387FEA2","networkqueue":{"concurrency":10,"every":1000,"maxTasks":null,"_queue":[],"_done":true}}},"sell":{"type":"sell","price":"0.00009674","market":"B","num":11},"get":0.000565237870937353,"first":"A","msg":"B卖"}
[2018-12-27 14:56:13.406] [INFO] info - 当前状态: idle
[2018-12-27 14:56:13.407] [INFO] info - coinexbids0={"0.00009659":"475.7539414"}
[2018-12-27 14:56:13.407] [INFO] info - coinexasks0={"0.00009688":"2634.94983942"}
[2018-12-27 14:56:13.407] [INFO] info - huobibids0={"0.00009673":"4472"}
[2018-12-27 14:56:13.407] [INFO] info - huobiasks0={"0.00009683":"40"}
[2018-12-27 14:56:13.407] [INFO] info - 在B买A挂卖-0.00045595
[2018-12-27 14:56:13.407] [INFO] info - {"buy":{"type":"buy","price":"0.00009660","market":"A","num":40},"sell":{"type":"sell","price":"0.00009682","market":"B","num":40},"get":0.0001449275362318844,"first":"A","msg":"A挂买B挂卖"}
[2018-12-27 14:56:13.646] [INFO] info - 当前状态: sending
[2018-12-27 14:56:13.646] [INFO] info - coinexbids0={"0.00009659":"475.7539414"}
[2018-12-27 14:56:13.646] [INFO] info - coinexasks0={"0.00009688":"2634.94983942"}
[2018-12-27 14:56:13.646] [INFO] info - huobibids0={"0.00009673":"4472"}
[2018-12-27 14:56:13.647] [INFO] info - huobiasks0={"0.00009683":"40"}
[2018-12-27 14:56:13.647] [INFO] info - B卖-0.00000331
[2018-12-27 14:56:13.647] [INFO] info - {"buy":{"type":"buy","price":"0.00009660","market":"A","num":40,"api":{"proxy":null,"AccessID":"8E3AB6396B5246BBA7F39F1FB467E2EB","SecretKey":"BC025BC0D90A45969D03F02F5925C37D78524E1FA387FEA2","networkqueue":{"concurrency":10,"every":1000,"maxTasks":null,"_queue":[],"_done":true}}},"sell":{"type":"sell","price":"0.00009682","market":"B","num":40},"get":0.0001449275362318844,"first":"A","msg":"B挂卖"}
[2018-12-27 14:56:14.505] [INFO] info - 当前状态: sending
[2018-12-27 14:56:14.505] [INFO] info - coinexbids0={"0.00009659":"475.7539414"}
[2018-12-27 14:56:14.506] [INFO] info - coinexasks0={"0.00009688":"2634.94983942"}
[2018-12-27 14:56:14.506] [INFO] info - huobibids0={"0.00009673":"4472"}
[2018-12-27 14:56:14.506] [INFO] info - huobiasks0={"0.00009683":"40"}
[2018-12-27 14:56:14.506] [INFO] info - B卖-0.00000331
[2018-12-27 14:56:14.506] [INFO] info - {"buy":{"type":"buy","price":"0.00009660","market":"A","num":40,"api":{"proxy":null,"AccessID":"8E3AB6396B5246BBA7F39F1FB467E2EB","SecretKey":"BC025BC0D90A45969D03F02F5925C37D78524E1FA387FEA2","networkqueue":{"concurrency":10,"every":1000,"maxTasks":null,"_queue":[],"_done":true}}},"sell":{"type":"sell","price":"0.00009682","market":"B","num":40},"get":0.0001449275362318844,"first":"A","msg":"B挂卖"}
[2018-12-27 14:56:14.748] [INFO] info - 当前状态: sending
[2018-12-27 14:56:14.749] [INFO] info - coinexbids0={"0.00009659":"475.7539414"}
[2018-12-27 14:56:14.749] [INFO] info - coinexasks0={"0.00009688":"2634.94983942"}
[2018-12-27 14:56:14.749] [INFO] info - huobibids0={"0.00009673":"4472"}
[2018-12-27 14:56:14.749] [INFO] info - huobiasks0={"0.00009683":"40"}
[2018-12-27 14:56:14.749] [INFO] info - B卖-0.00000331
[2018-12-27 14:56:14.749] [INFO] info - {"buy":{"type":"buy","price":"0.00009660","market":"A","num":40,"api":{"proxy":null,"AccessID":"8E3AB6396B5246BBA7F39F1FB467E2EB","SecretKey":"BC025BC0D90A45969D03F02F5925C37D78524E1FA387FEA2","networkqueue":{"concurrency":10,"every":1000,"maxTasks":null,"_queue":[],"_done":true}}},"sell":{"type":"sell","price":"0.00009682","market":"B","num":40},"get":0.0001449275362318844,"first":"A","msg":"B挂卖"}
[2018-12-27 14:56:16.337] [INFO] info - 当前状态: sending
[2018-12-27 14:56:16.338] [INFO] info - coinexbids0={"0.00009659":"475.7539414"}
[2018-12-27 14:56:16.338] [INFO] info - coinexasks0={"0.00009688":"2634.94983942"}
[2018-12-27 14:56:16.338] [INFO] info - huobibids0={"0.00009673":"3439"}
[2018-12-27 14:56:16.338] [INFO] info - huobiasks0={"0.00009683":"40"}
[2018-12-27 14:56:16.338] [INFO] info - B卖-0.00000331
[2018-12-27 14:56:16.338] [INFO] info - {"buy":{"type":"buy","price":"0.00009660","market":"A","num":40,"api":{"proxy":null,"AccessID":"8E3AB6396B5246BBA7F39F1FB467E2EB","SecretKey":"BC025BC0D90A45969D03F02F5925C37D78524E1FA387FEA2","networkqueue":{"concurrency":10,"every":1000,"maxTasks":null,"_queue":[],"_done":true}}},"sell":{"type":"sell","price":"0.00009682","market":"B","num":40},"get":0.0001449275362318844,"first":"A","msg":"B挂卖"}
[2018-12-27 14:56:17.419] [INFO] info - 当前状态: sending
[2018-12-27 14:56:17.419] [INFO] info - coinexbids0={"0.00009659":"475.7539414"}
[2018-12-27 14:56:17.419] [INFO] info - coinexasks0={"0.00009688":"2634.94983942"}
[2018-12-27 14:56:17.419] [INFO] info - huobibids0={"0.00009673":"3439"}
[2018-12-27 14:56:17.419] [INFO] info - huobiasks0={"0.00009683":"40"}
[2018-12-27 14:56:17.420] [INFO] info - B卖-0.00000331
[2018-12-27 14:56:17.420] [INFO] info - {"buy":{"type":"buy","price":"0.00009660","market":"A","num":40,"api":{"proxy":null,"AccessID":"8E3AB6396B5246BBA7F39F1FB467E2EB","SecretKey":"BC025BC0D90A45969D03F02F5925C37D78524E1FA387FEA2","networkqueue":{"concurrency":10,"every":1000,"maxTasks":null,"_queue":[],"_done":true}}},"sell":{"type":"sell","price":"0.00009682","market":"B","num":40},"get":0.0001449275362318844,"first":"A","msg":"B挂卖"}
[2018-12-27 14:56:17.420] [INFO] info - 当前状态: sending
[2018-12-27 14:56:17.420] [INFO] info - coinexbids0={"0.00009659":"475.7539414"}
[2018-12-27 14:56:17.420] [INFO] info - coinexasks0={"0.00009688":"2634.94983942"}
[2018-12-27 14:56:17.420] [INFO] info - huobibids0={"0.00009673":"3728"}
[2018-12-27 14:56:17.420] [INFO] info - huobiasks0={"0.00009683":"1279"}
[2018-12-27 14:56:17.420] [INFO] info - B卖-0.00000331
[2018-12-27 14:56:17.420] [INFO] info - {"buy":{"type":"buy","price":"0.00009660","market":"A","num":40,"api":{"proxy":null,"AccessID":"8E3AB6396B5246BBA7F39F1FB467E2EB","SecretKey":"BC025BC0D90A45969D03F02F5925C37D78524E1FA387FEA2","networkqueue":{"concurrency":10,"every":1000,"maxTasks":null,"_queue":[],"_done":true}}},"sell":{"type":"sell","price":"0.00009682","market":"B","num":40},"get":0.0001449275362318844,"first":"A","msg":"B挂卖"}
[2018-12-27 14:56:17.421] [INFO] info - 当前状态: sending
[2018-12-27 14:56:17.421] [INFO] info - coinexbids0={"0.00009659":"475.7539414"}
[2018-12-27 14:56:17.421] [INFO] info - coinexasks0={"0.00009688":"2634.94983942"}
[2018-12-27 14:56:17.421] [INFO] info - huobibids0={"0.00009673":"3728"}
[2018-12-27 14:56:17.421] [INFO] info - huobiasks0={"0.00009683":"1279"}
[2018-12-27 14:56:17.421] [INFO] info - B卖-0.00000331
[2018-12-27 14:56:17.421] [INFO] info - {"buy":{"type":"buy","price":"0.00009660","market":"A","num":40,"api":{"proxy":null,"AccessID":"8E3AB6396B5246BBA7F39F1FB467E2EB","SecretKey":"BC025BC0D90A45969D03F02F5925C37D78524E1FA387FEA2","networkqueue":{"concurrency":10,"every":1000,"maxTasks":null,"_queue":[],"_done":true}}},"sell":{"type":"sell","price":"0.00009682","market":"B","num":40},"get":0.0001449275362318844,"first":"A","msg":"B挂卖"}
[2018-12-27 14:56:17.788] [INFO] info - 当前状态: sending
[2018-12-27 14:56:17.788] [INFO] info - coinexbids0={"0.00009659":"475.7539414"}
[2018-12-27 14:56:17.788] [INFO] info - coinexasks0={"0.00009688":"2634.94983942"}
[2018-12-27 14:56:17.788] [INFO] info - huobibids0={"0.00009673":"3728"}
[2018-12-27 14:56:17.789] [INFO] info - huobiasks0={"0.00009683":"1279"}
[2018-12-27 14:56:17.789] [INFO] info - B卖-0.00000331
[2018-12-27 14:56:17.789] [INFO] info - {"buy":{"type":"buy","price":"0.00009660","market":"A","num":40,"api":{"proxy":null,"AccessID":"8E3AB6396B5246BBA7F39F1FB467E2EB","SecretKey":"BC025BC0D90A45969D03F02F5925C37D78524E1FA387FEA2","networkqueue":{"concurrency":10,"every":1000,"maxTasks":null,"_queue":[],"_done":true}}},"sell":{"type":"sell","price":"0.00009682","market":"B","num":40},"get":0.0001449275362318844,"first":"A","msg":"B挂卖"}
[2018-12-27 14:56:17.789] [INFO] info - 当前状态: sending
[2018-12-27 14:56:17.789] [INFO] info - coinexbids0={"0.00009659":"475.7539414"}
[2018-12-27 14:56:17.789] [INFO] info - coinexasks0={"0.00009688":"2634.94983942"}
[2018-12-27 14:56:17.789] [INFO] info - huobibids0={"0.00009673":"3728"}
[2018-12-27 14:56:17.789] [INFO] info - huobiasks0={"0.00009683":"1279"}
[2018-12-27 14:56:17.789] [INFO] info - B卖-0.00000331
[2018-12-27 14:56:17.789] [INFO] info - {"buy":{"type":"buy","price":"0.00009660","market":"A","num":40,"api":{"proxy":null,"AccessID":"8E3AB6396B5246BBA7F39F1FB467E2EB","SecretKey":"BC025BC0D90A45969D03F02F5925C37D78524E1FA387FEA2","networkqueue":{"concurrency":10,"every":1000,"maxTasks":null,"_queue":[],"_done":true}}},"sell":{"type":"sell","price":"0.00009682","market":"B","num":40},"get":0.0001449275362318844,"first":"A","msg":"B挂卖"}
