[2019-01-11 15:42:53.503] [INFO] info - ==========balances==========
[2019-01-11 15:42:53.505] [INFO] info - {"B":[-0.19134561,4.4856],"A":[4.2090000000000005,0.011]}
[2019-01-11 15:42:53.505] [INFO] info - ==========balances==========
[2019-01-11 15:45:56.070] [INFO] info - ==========balances==========
[2019-01-11 15:45:56.073] [INFO] info - ==========balances==========
[2019-01-11 15:45:56.075] [INFO] info - ==========balances==========
[2019-01-11 15:45:56.071] [INFO] info - {"B":[-0.09134561000000001,4.4859],"A":[4.309,0.0113]}
[2019-01-11 15:45:56.073] [INFO] info - {"B":[-0.19134561,4.4859],"A":[4.309,0.011]}
[2019-01-11 15:45:56.075] [INFO] info - {"B":[-0.19134561,4.4856],"A":[4.2090000000000005,0.011]}
[2019-01-11 15:45:56.071] [INFO] info - ==========balances==========
[2019-01-11 15:45:56.073] [INFO] info - ==========balances==========
[2019-01-11 15:45:56.075] [INFO] info - ==========balances==========
[2019-01-11 15:45:56.081] [INFO] info - ==========balances==========
[2019-01-11 15:45:56.081] [INFO] info - {"B":[-0.19134561,4.4856],"A":[4.2090000000000005,0.011]}
[2019-01-11 15:45:56.081] [INFO] info - ==========balances==========
[2019-01-11 15:47:39.033] [INFO] info - ==========balances==========
[2019-01-11 15:47:39.037] [INFO] info - ==========balances==========
[2019-01-11 15:47:39.039] [INFO] info - ==========balances==========
[2019-01-11 15:47:39.035] [INFO] info - {"B":[4.3862000000000005,0.00835439],"A":[4.309,0.0113]}
[2019-01-11 15:47:39.037] [INFO] info - {"B":[4.286200000000001,0.00835439],"A":[4.309,0.011]}
[2019-01-11 15:47:39.039] [INFO] info - {"B":[4.286200000000001,0.00805439],"A":[4.2090000000000005,0.011]}
[2019-01-11 15:47:39.035] [INFO] info - ==========balances==========
[2019-01-11 15:47:39.037] [INFO] info - ==========balances==========
[2019-01-11 15:47:39.039] [INFO] info - ==========balances==========
[2019-01-11 15:47:39.045] [INFO] info - ==========balances==========
[2019-01-11 15:47:39.045] [INFO] info - {"B":[4.286200000000001,0.00805439],"A":[4.2090000000000005,0.011]}
[2019-01-11 15:47:39.046] [INFO] info - ==========balances==========
[2019-01-11 15:49:33.757] [INFO] info - ===============okex===1===============
[2019-01-11 15:49:33.757] [INFO] info - {"symbol":"neo_btc","orderId":2127100199243777,"tradeUnitPrice":"0.00213555","tradeAmount":"0.10000","createdDate":"1547192973000","completedTradeAmount":"0","averagePrice":"0","tradePrice":"0","tradeType":"sell","status":0,"left":0.1,"deal_money":0,"amount":"0.10000","ctime":"1547192973000","deal_fee":"0","deal_stock":"0","ftime":"0","id":2127100199243777,"maker_fee":"0","market":"NEOBTC","mtime":"0","price":"0.00213555","side":1,"source":"0","taker_fee":"0","type":1,"user":"0"}
[2019-01-11 15:49:33.758] [INFO] info - ==================================================
[2019-01-11 15:49:33.758] [INFO] info - ===============okex===1===============
[2019-01-11 15:49:33.758] [INFO] info - {"symbol":"neo_btc","orderId":2127100201869313,"tradeUnitPrice":"0.00213555","tradeAmount":"0.10000","createdDate":"1547192973000","completedTradeAmount":"0","averagePrice":"0","tradePrice":"0","tradeType":"sell","status":0,"left":0.1,"deal_money":0,"amount":"0.10000","ctime":"1547192973000","deal_fee":"0","deal_stock":"0","ftime":"0","id":2127100201869313,"maker_fee":"0","market":"NEOBTC","mtime":"0","price":"0.00213555","side":1,"source":"0","taker_fee":"0","type":1,"user":"0"}
[2019-01-11 15:49:33.758] [INFO] info - ==================================================
[2019-01-11 15:49:38.770] [INFO] info - ===============okex===1===============
[2019-01-11 15:49:38.770] [INFO] info - {"symbol":"neo_btc","orderId":2127100519786496,"tradeUnitPrice":"0.00213238","tradeAmount":"0.10000","createdDate":"1547192978000","completedTradeAmount":"0","averagePrice":"0","tradePrice":"0","tradeType":"buy","status":0,"left":0.1,"deal_money":0,"amount":"0.10000","ctime":"1547192978000","deal_fee":"0","deal_stock":"0","ftime":"0","id":2127100519786496,"maker_fee":"0","market":"NEOBTC","mtime":"0","price":"0.00213238","side":2,"source":"0","taker_fee":"0","type":1,"user":"0"}
[2019-01-11 15:49:38.770] [INFO] info - ==================================================
