[2018-12-27 15:11:00.740] [INFO] info - 当前状态: idle
[2018-12-27 15:11:00.741] [INFO] info - coinexbids0={"0.00009635":"475.7539414"}
[2018-12-27 15:11:00.741] [INFO] info - coinexasks0={"0.00009663":"294.692"}
[2018-12-27 15:11:00.741] [INFO] info - huobibids0={"0.00009656":"23"}
[2018-12-27 15:11:00.741] [INFO] info - huobiasks0={"0.00009658":"626"}
[2018-12-27 15:11:00.742] [INFO] info - 在B买A挂卖-0.00005083
[2018-12-27 15:11:00.742] [INFO] info - A挂买B挂卖-0.00000148
[2018-12-27 15:11:00.742] [INFO] info - 当前状态: idle
[2018-12-27 15:11:00.742] [INFO] info - coinexbids0={"0.00009635":"475.7539414"}
[2018-12-27 15:11:00.744] [INFO] info - coinexasks0={"0.00009663":"294.692"}
[2018-12-27 15:11:00.744] [INFO] info - huobibids0={"0.00009656":"23"}
[2018-12-27 15:11:00.744] [INFO] info - huobiasks0={"0.00009658":"626"}
[2018-12-27 15:11:00.744] [INFO] info - 在B买A挂卖-0.00005083
[2018-12-27 15:11:00.744] [INFO] info - A挂买B挂卖-0.00000148
[2018-12-27 15:11:01.006] [INFO] info - 当前状态: idle
[2018-12-27 15:11:01.006] [INFO] info - coinexbids0={"0.00009635":"475.7539414"}
[2018-12-27 15:11:01.006] [INFO] info - coinexasks0={"0.00009663":"294.692"}
[2018-12-27 15:11:01.006] [INFO] info - huobibids0={"0.00009656":"23"}
[2018-12-27 15:11:01.006] [INFO] info - huobiasks0={"0.00009658":"626"}
[2018-12-27 15:11:01.007] [INFO] info - 在B买A挂卖-0.00005083
[2018-12-27 15:11:01.007] [INFO] info - A挂买B挂卖-0.00000148
[2018-12-27 15:11:01.007] [INFO] info - 当前状态: idle
[2018-12-27 15:11:01.007] [INFO] info - coinexbids0={"0.00009635":"475.7539414"}
[2018-12-27 15:11:01.007] [INFO] info - coinexasks0={"0.00009663":"294.692"}
[2018-12-27 15:11:01.007] [INFO] info - huobibids0={"0.00009656":"23"}
[2018-12-27 15:11:01.007] [INFO] info - huobiasks0={"0.00009658":"626"}
[2018-12-27 15:11:01.007] [INFO] info - 在B买A挂卖-0.00005083
[2018-12-27 15:11:01.007] [INFO] info - A挂买B挂卖-0.00000148
[2018-12-27 15:11:01.257] [INFO] info - 当前状态: idle
[2018-12-27 15:11:01.258] [INFO] info - coinexbids0={"0.00009635":"475.7539414"}
[2018-12-27 15:11:01.258] [INFO] info - coinexasks0={"0.00009663":"294.692"}
[2018-12-27 15:11:01.258] [INFO] info - huobibids0={"0.00009656":"23"}
[2018-12-27 15:11:01.258] [INFO] info - huobiasks0={"0.00009658":"626"}
[2018-12-27 15:11:01.258] [INFO] info - 在B买A挂卖-0.00005083
[2018-12-27 15:11:01.258] [INFO] info - A挂买B挂卖-0.00000148
[2018-12-27 15:11:01.258] [INFO] info - 当前状态: idle
[2018-12-27 15:11:01.258] [INFO] info - coinexbids0={"0.00009635":"475.7539414"}
[2018-12-27 15:11:01.258] [INFO] info - coinexasks0={"0.00009663":"294.692"}
[2018-12-27 15:11:01.258] [INFO] info - huobibids0={"0.00009656":"23"}
[2018-12-27 15:11:01.258] [INFO] info - huobiasks0={"0.00009658":"626"}
[2018-12-27 15:11:01.259] [INFO] info - 在B买A挂卖-0.00005083
[2018-12-27 15:11:01.259] [INFO] info - A挂买B挂卖-0.00000148
[2018-12-27 15:11:02.063] [INFO] info - 当前状态: idle
[2018-12-27 15:11:02.064] [INFO] info - coinexbids0={"0.00009635":"475.7539414"}
[2018-12-27 15:11:02.064] [INFO] info - coinexasks0={"0.00009663":"294.692"}
[2018-12-27 15:11:02.064] [INFO] info - huobibids0={"0.00009656":"23"}
[2018-12-27 15:11:02.064] [INFO] info - huobiasks0={"0.00009658":"626"}
[2018-12-27 15:11:02.064] [INFO] info - 在B买A挂卖-0.00005083
[2018-12-27 15:11:02.064] [INFO] info - A挂买B挂卖-0.00000148
[2018-12-27 15:11:02.064] [INFO] info - 当前状态: idle
[2018-12-27 15:11:02.064] [INFO] info - coinexbids0={"0.00009635":"475.7539414"}
[2018-12-27 15:11:02.064] [INFO] info - coinexasks0={"0.00009663":"294.692"}
[2018-12-27 15:11:02.064] [INFO] info - huobibids0={"0.00009656":"23"}
[2018-12-27 15:11:02.064] [INFO] info - huobiasks0={"0.00009658":"626"}
[2018-12-27 15:11:02.064] [INFO] info - 在B买A挂卖-0.00005083
[2018-12-27 15:11:02.065] [INFO] info - A挂买B挂卖-0.00000148
[2018-12-27 15:11:02.438] [INFO] info - 当前状态: idle
[2018-12-27 15:11:02.438] [INFO] info - coinexbids0={"0.00009635":"475.7539414"}
[2018-12-27 15:11:02.438] [INFO] info - coinexasks0={"0.00009662":"288"}
[2018-12-27 15:11:02.439] [INFO] info - huobibids0={"0.00009656":"23"}
[2018-12-27 15:11:02.439] [INFO] info - huobiasks0={"0.00009658":"626"}
[2018-12-27 15:11:02.439] [INFO] info - 在B买A挂卖-0.00005256
[2018-12-27 15:11:02.439] [INFO] info - A挂买B挂卖-0.00000148
[2018-12-27 15:11:02.439] [INFO] info - 当前状态: idle
[2018-12-27 15:11:02.439] [INFO] info - coinexbids0={"0.00009635":"475.7539414"}
[2018-12-27 15:11:02.439] [INFO] info - coinexasks0={"0.00009662":"288"}
[2018-12-27 15:11:02.439] [INFO] info - huobibids0={"0.00009656":"23"}
[2018-12-27 15:11:02.439] [INFO] info - huobiasks0={"0.00009658":"626"}
[2018-12-27 15:11:02.439] [INFO] info - 在B买A挂卖-0.00005256
[2018-12-27 15:11:02.440] [INFO] info - A挂买B挂卖-0.00000148
[2018-12-27 15:11:02.440] [INFO] info - 当前状态: idle
[2018-12-27 15:11:02.440] [INFO] info - coinexbids0={"0.00009635":"475.7539414"}
[2018-12-27 15:11:02.440] [INFO] info - coinexasks0={"0.00009662":"288"}
[2018-12-27 15:11:02.440] [INFO] info - huobibids0={"0.00009656":"23"}
[2018-12-27 15:11:02.441] [INFO] info - huobiasks0={"0.00009658":"626"}
[2018-12-27 15:11:02.441] [INFO] info - 在B买A挂卖-0.00005256
[2018-12-27 15:11:02.441] [INFO] info - A挂买B挂卖-0.00000148
[2018-12-27 15:11:02.441] [INFO] info - 当前状态: idle
[2018-12-27 15:11:02.441] [INFO] info - coinexbids0={"0.00009635":"475.7539414"}
[2018-12-27 15:11:02.441] [INFO] info - coinexasks0={"0.00009662":"288"}
[2018-12-27 15:11:02.441] [INFO] info - huobibids0={"0.00009656":"23"}
[2018-12-27 15:11:02.441] [INFO] info - huobiasks0={"0.00009658":"626"}
[2018-12-27 15:11:02.441] [INFO] info - 在B买A挂卖-0.00005256
[2018-12-27 15:11:02.442] [INFO] info - A挂买B挂卖-0.00000148
[2018-12-27 15:11:02.836] [INFO] info - 当前状态: idle
[2018-12-27 15:11:02.836] [INFO] info - coinexbids0={"0.00009635":"475.7539414"}
[2018-12-27 15:11:02.836] [INFO] info - coinexasks0={"0.00009662":"288"}
[2018-12-27 15:11:02.836] [INFO] info - huobibids0={"0.00009656":"23"}
[2018-12-27 15:11:02.836] [INFO] info - huobiasks0={"0.00009658":"626"}
[2018-12-27 15:11:02.837] [INFO] info - 在B买A挂卖-0.00005256
[2018-12-27 15:11:02.837] [INFO] info - A挂买B挂卖-0.00000148
[2018-12-27 15:11:02.837] [INFO] info - 当前状态: idle
[2018-12-27 15:11:02.837] [INFO] info - coinexbids0={"0.00009635":"475.7539414"}
[2018-12-27 15:11:02.837] [INFO] info - coinexasks0={"0.00009662":"288"}
[2018-12-27 15:11:02.837] [INFO] info - huobibids0={"0.00009656":"23"}
[2018-12-27 15:11:02.837] [INFO] info - huobiasks0={"0.00009658":"626"}
[2018-12-27 15:11:02.837] [INFO] info - 在B买A挂卖-0.00005256
[2018-12-27 15:11:02.837] [INFO] info - A挂买B挂卖-0.00000148
[2018-12-27 15:11:02.837] [INFO] info - 当前状态: idle
[2018-12-27 15:11:02.837] [INFO] info - coinexbids0={"0.00009635":"475.7539414"}
[2018-12-27 15:11:02.837] [INFO] info - coinexasks0={"0.00009662":"288"}
[2018-12-27 15:11:02.838] [INFO] info - huobibids0={"0.00009656":"23"}
[2018-12-27 15:11:02.838] [INFO] info - huobiasks0={"0.00009658":"626"}
[2018-12-27 15:11:02.838] [INFO] info - 在B买A挂卖-0.00005256
[2018-12-27 15:11:02.838] [INFO] info - A挂买B挂卖-0.00000148
[2018-12-27 15:11:02.838] [INFO] info - 当前状态: idle
[2018-12-27 15:11:02.838] [INFO] info - coinexbids0={"0.00009635":"475.7539414"}
[2018-12-27 15:11:02.838] [INFO] info - coinexasks0={"0.00009662":"288"}
[2018-12-27 15:11:02.838] [INFO] info - huobibids0={"0.00009656":"23"}
[2018-12-27 15:11:02.838] [INFO] info - huobiasks0={"0.00009658":"626"}
[2018-12-27 15:11:02.838] [INFO] info - 在B买A挂卖-0.00005256
[2018-12-27 15:11:02.838] [INFO] info - A挂买B挂卖-0.00000148
[2018-12-27 15:11:03.122] [INFO] info - 当前状态: idle
[2018-12-27 15:11:03.123] [INFO] info - coinexbids0={"0.00009635":"475.7539414"}
[2018-12-27 15:11:03.123] [INFO] info - coinexasks0={"0.00009662":"288"}
[2018-12-27 15:11:03.123] [INFO] info - huobibids0={"0.00009656":"23"}
[2018-12-27 15:11:03.123] [INFO] info - huobiasks0={"0.00009658":"626"}
[2018-12-27 15:11:03.123] [INFO] info - 在B买A挂卖-0.00005256
[2018-12-27 15:11:03.123] [INFO] info - A挂买B挂卖-0.00000148
[2018-12-27 15:11:03.123] [INFO] info - 当前状态: idle
[2018-12-27 15:11:03.123] [INFO] info - coinexbids0={"0.00009635":"475.7539414"}
[2018-12-27 15:11:03.123] [INFO] info - coinexasks0={"0.00009662":"288"}
[2018-12-27 15:11:03.123] [INFO] info - huobibids0={"0.00009656":"23"}
[2018-12-27 15:11:03.123] [INFO] info - huobiasks0={"0.00009658":"626"}
[2018-12-27 15:11:03.123] [INFO] info - 在B买A挂卖-0.00005256
[2018-12-27 15:11:03.123] [INFO] info - A挂买B挂卖-0.00000148
[2018-12-27 15:11:03.404] [INFO] info - 当前状态: idle
[2018-12-27 15:11:03.404] [INFO] info - coinexbids0={"0.00009635":"475.7539414"}
[2018-12-27 15:11:03.404] [INFO] info - coinexasks0={"0.00009662":"288"}
[2018-12-27 15:11:03.404] [INFO] info - huobibids0={"0.00009653":"4788"}
[2018-12-27 15:11:03.404] [INFO] info - huobiasks0={"0.00009658":"626"}
[2018-12-27 15:11:03.404] [INFO] info - 在B买A挂卖-0.00005256
[2018-12-27 15:11:03.404] [INFO] info - A挂买B挂卖-0.00000148
[2018-12-27 15:11:03.405] [INFO] info - 当前状态: idle
[2018-12-27 15:11:03.405] [INFO] info - coinexbids0={"0.00009635":"475.7539414"}
[2018-12-27 15:11:03.406] [INFO] info - coinexasks0={"0.00009662":"288"}
[2018-12-27 15:11:03.406] [INFO] info - huobibids0={"0.00009653":"4788"}
[2018-12-27 15:11:03.406] [INFO] info - huobiasks0={"0.00009658":"626"}
[2018-12-27 15:11:03.406] [INFO] info - 在B买A挂卖-0.00005256
[2018-12-27 15:11:03.406] [INFO] info - A挂买B挂卖-0.00000148
[2018-12-27 15:11:04.297] [INFO] info - 当前状态: idle
[2018-12-27 15:11:04.297] [INFO] info - coinexbids0={"0.00009635":"475.7539414"}
[2018-12-27 15:11:04.297] [INFO] info - coinexasks0={"0.00009662":"288"}
[2018-12-27 15:11:04.297] [INFO] info - huobibids0={"0.00009653":"4788"}
[2018-12-27 15:11:04.297] [INFO] info - huobiasks0={"0.00009658":"626"}
[2018-12-27 15:11:04.297] [INFO] info - 在B买A挂卖-0.00005256
[2018-12-27 15:11:04.297] [INFO] info - A挂买B挂卖-0.00000148
[2018-12-27 15:11:04.297] [INFO] info - 当前状态: idle
[2018-12-27 15:11:04.297] [INFO] info - coinexbids0={"0.00009635":"475.7539414"}
[2018-12-27 15:11:04.297] [INFO] info - coinexasks0={"0.00009662":"288"}
[2018-12-27 15:11:04.298] [INFO] info - huobibids0={"0.00009653":"4788"}
[2018-12-27 15:11:04.298] [INFO] info - huobiasks0={"0.00009658":"626"}
[2018-12-27 15:11:04.298] [INFO] info - 在B买A挂卖-0.00005256
[2018-12-27 15:11:04.298] [INFO] info - A挂买B挂卖-0.00000148
[2018-12-27 15:11:04.748] [INFO] info - 当前状态: idle
[2018-12-27 15:11:04.748] [INFO] info - coinexbids0={"0.00009635":"475.7539414"}
[2018-12-27 15:11:04.749] [INFO] info - coinexasks0={"0.00009662":"288"}
[2018-12-27 15:11:04.749] [INFO] info - huobibids0={"0.00009652":"2072"}
[2018-12-27 15:11:04.749] [INFO] info - huobiasks0={"0.0000966":"65"}
[2018-12-27 15:11:04.749] [INFO] info - 在B买A挂卖-0.00005833
[2018-12-27 15:11:04.749] [INFO] info - {"buy":{"type":"buy","price":"0.00009636","market":"A","num":65},"sell":{"type":"sell","price":"0.00009659","market":"B","num":65},"get":0.0003640195421017336,"first":"A","msg":"A挂买B挂卖"}
[2018-12-27 15:11:04.753] [INFO] info - 当前状态: idle
[2018-12-27 15:11:04.753] [INFO] info - coinexbids0={"0.00009635":"475.7539414"}
[2018-12-27 15:11:04.753] [INFO] info - coinexasks0={"0.00009662":"288"}
[2018-12-27 15:11:04.753] [INFO] info - huobibids0={"0.00009652":"2072"}
[2018-12-27 15:11:04.753] [INFO] info - huobiasks0={"0.0000966":"65"}
[2018-12-27 15:11:04.753] [INFO] info - 在B买A挂卖-0.00005833
[2018-12-27 15:11:04.753] [INFO] info - {"buy":{"type":"buy","price":"0.00009636","market":"A","num":65},"sell":{"type":"sell","price":"0.00009659","market":"B","num":65},"get":0.0003640195421017336,"first":"A","msg":"A挂买B挂卖"}
[2018-12-27 15:11:04.754] [INFO] info - 当前状态: sending
[2018-12-27 15:11:04.754] [INFO] info - coinexbids0={"0.00009635":"475.7539414"}
[2018-12-27 15:11:04.754] [INFO] info - coinexasks0={"0.00009662":"288"}
[2018-12-27 15:11:04.754] [INFO] info - huobibids0={"0.00009652":"2072"}
[2018-12-27 15:11:04.754] [INFO] info - huobiasks0={"0.0000966":"65"}
[2018-12-27 15:11:04.754] [INFO] info - B卖-0.00000340
[2018-12-27 15:11:04.754] [INFO] info - {"buy":{"type":"buy","price":"0.00009636","market":"A","num":65,"api":{"proxy":null,"AccessID":"8E3AB6396B5246BBA7F39F1FB467E2EB","SecretKey":"BC025BC0D90A45969D03F02F5925C37D78524E1FA387FEA2","networkqueue":{"concurrency":10,"every":1000,"maxTasks":null,"_queue":[],"_done":true}}},"sell":{"type":"sell","price":"0.00009659","market":"B","num":65},"get":0.0003640195421017336,"first":"A","msg":"B挂卖"}
[2018-12-27 15:11:04.754] [INFO] info - 当前状态: sending
[2018-12-27 15:11:04.754] [INFO] info - coinexbids0={"0.00009635":"475.7539414"}
[2018-12-27 15:11:04.755] [INFO] info - coinexasks0={"0.00009662":"288"}
[2018-12-27 15:11:04.755] [INFO] info - huobibids0={"0.00009652":"2072"}
[2018-12-27 15:11:04.755] [INFO] info - huobiasks0={"0.0000966":"65"}
[2018-12-27 15:11:04.755] [INFO] info - B卖-0.00000340
[2018-12-27 15:11:04.755] [INFO] info - {"buy":{"type":"buy","price":"0.00009636","market":"A","num":65,"api":{"proxy":null,"AccessID":"8E3AB6396B5246BBA7F39F1FB467E2EB","SecretKey":"BC025BC0D90A45969D03F02F5925C37D78524E1FA387FEA2","networkqueue":{"concurrency":10,"every":1000,"maxTasks":null,"_queue":[],"_done":true}}},"sell":{"type":"sell","price":"0.00009659","market":"B","num":65},"get":0.0003640195421017336,"first":"A","msg":"B挂卖"}
[2018-12-27 15:11:05.145] [INFO] info - 当前状态: sending
[2018-12-27 15:11:05.145] [INFO] info - coinexbids0={"0.00009635":"475.7539414"}
[2018-12-27 15:11:05.145] [INFO] info - coinexasks0={"0.00009662":"288"}
[2018-12-27 15:11:05.145] [INFO] info - huobibids0={"0.00009652":"2072"}
[2018-12-27 15:11:05.145] [INFO] info - huobiasks0={"0.0000966":"65"}
[2018-12-27 15:11:05.146] [INFO] info - B卖-0.00000340
[2018-12-27 15:11:05.146] [INFO] info - {"buy":{"type":"buy","price":"0.00009636","market":"A","num":65,"api":{"proxy":null,"AccessID":"8E3AB6396B5246BBA7F39F1FB467E2EB","SecretKey":"BC025BC0D90A45969D03F02F5925C37D78524E1FA387FEA2","networkqueue":{"concurrency":10,"every":1000,"maxTasks":null,"_queue":[],"_done":true}}},"sell":{"type":"sell","price":"0.00009659","market":"B","num":65},"get":0.0003640195421017336,"first":"A","msg":"B挂卖"}
[2018-12-27 15:11:05.146] [INFO] info - 当前状态: sending
[2018-12-27 15:11:05.146] [INFO] info - coinexbids0={"0.00009635":"475.7539414"}
[2018-12-27 15:11:05.146] [INFO] info - coinexasks0={"0.00009662":"288"}
[2018-12-27 15:11:05.146] [INFO] info - huobibids0={"0.00009652":"2072"}
[2018-12-27 15:11:05.146] [INFO] info - huobiasks0={"0.0000966":"65"}
[2018-12-27 15:11:05.146] [INFO] info - B卖-0.00000340
[2018-12-27 15:11:05.146] [INFO] info - {"buy":{"type":"buy","price":"0.00009636","market":"A","num":65,"api":{"proxy":null,"AccessID":"8E3AB6396B5246BBA7F39F1FB467E2EB","SecretKey":"BC025BC0D90A45969D03F02F5925C37D78524E1FA387FEA2","networkqueue":{"concurrency":10,"every":1000,"maxTasks":null,"_queue":[],"_done":true}}},"sell":{"type":"sell","price":"0.00009659","market":"B","num":65},"get":0.0003640195421017336,"first":"A","msg":"B挂卖"}
[2018-12-27 15:11:05.668] [INFO] info - 当前状态: sending
[2018-12-27 15:11:05.669] [INFO] info - coinexbids0={"0.00009635":"475.7539414"}
[2018-12-27 15:11:05.669] [INFO] info - coinexasks0={"0.00009662":"288"}
[2018-12-27 15:11:05.669] [INFO] info - huobibids0={"0.00009652":"2072"}
[2018-12-27 15:11:05.669] [INFO] info - huobiasks0={"0.00009658":"626"}
[2018-12-27 15:11:05.669] [INFO] info - B卖-0.00000340
[2018-12-27 15:11:05.669] [INFO] info - B挂卖-0.00000015
[2018-12-27 15:11:05.669] [INFO] info - 当前状态: sending
[2018-12-27 15:11:05.669] [INFO] info - coinexbids0={"0.00009635":"475.7539414"}
[2018-12-27 15:11:05.669] [INFO] info - coinexasks0={"0.00009662":"288"}
[2018-12-27 15:11:05.669] [INFO] info - huobibids0={"0.00009652":"2072"}
[2018-12-27 15:11:05.669] [INFO] info - huobiasks0={"0.00009658":"626"}
[2018-12-27 15:11:05.669] [INFO] info - B卖-0.00000340
[2018-12-27 15:11:05.669] [INFO] info - B挂卖-0.00000015
[2018-12-27 15:11:05.933] [INFO] info - 当前状态: sending
[2018-12-27 15:11:05.933] [INFO] info - coinexbids0={"0.00009635":"475.7539414"}
[2018-12-27 15:11:05.933] [INFO] info - coinexasks0={"0.00009662":"288"}
[2018-12-27 15:11:05.933] [INFO] info - huobibids0={"0.00009652":"2072"}
[2018-12-27 15:11:05.933] [INFO] info - huobiasks0={"0.00009658":"626"}
[2018-12-27 15:11:05.933] [INFO] info - B卖-0.00000340
[2018-12-27 15:11:05.933] [INFO] info - B挂卖-0.00000015
[2018-12-27 15:11:05.934] [INFO] info - 当前状态: sending
[2018-12-27 15:11:05.934] [INFO] info - coinexbids0={"0.00009635":"475.7539414"}
[2018-12-27 15:11:05.934] [INFO] info - coinexasks0={"0.00009662":"288"}
[2018-12-27 15:11:05.934] [INFO] info - huobibids0={"0.00009652":"2072"}
[2018-12-27 15:11:05.934] [INFO] info - huobiasks0={"0.00009658":"626"}
[2018-12-27 15:11:05.934] [INFO] info - B卖-0.00000340
[2018-12-27 15:11:05.935] [INFO] info - B挂卖-0.00000015
[2018-12-27 15:11:06.397] [INFO] info - 当前状态: sending
[2018-12-27 15:11:06.397] [INFO] info - coinexbids0={"0.00009635":"475.7539414"}
[2018-12-27 15:11:06.397] [INFO] info - coinexasks0={"0.00009662":"288"}
[2018-12-27 15:11:06.397] [INFO] info - huobibids0={"0.00009652":"1561"}
[2018-12-27 15:11:06.397] [INFO] info - huobiasks0={"0.00009658":"626"}
[2018-12-27 15:11:06.397] [INFO] info - B卖-0.00000340
[2018-12-27 15:11:06.397] [INFO] info - B挂卖-0.00000015
[2018-12-27 15:11:06.398] [INFO] info - 当前状态: sending
[2018-12-27 15:11:06.398] [INFO] info - coinexbids0={"0.00009635":"475.7539414"}
[2018-12-27 15:11:06.398] [INFO] info - coinexasks0={"0.00009662":"288"}
[2018-12-27 15:11:06.398] [INFO] info - huobibids0={"0.00009652":"1561"}
[2018-12-27 15:11:06.398] [INFO] info - huobiasks0={"0.00009658":"626"}
[2018-12-27 15:11:06.398] [INFO] info - B卖-0.00000340
[2018-12-27 15:11:06.398] [INFO] info - B挂卖-0.00000015
[2018-12-27 15:11:06.636] [INFO] info - 当前状态: sending
[2018-12-27 15:11:06.636] [INFO] info - coinexbids0={"0.00009635":"475.7539414"}
[2018-12-27 15:11:06.636] [INFO] info - coinexasks0={"0.00009662":"288"}
[2018-12-27 15:11:06.636] [INFO] info - huobibids0={"0.00009652":"1561"}
[2018-12-27 15:11:06.637] [INFO] info - huobiasks0={"0.00009658":"626"}
[2018-12-27 15:11:06.637] [INFO] info - B卖-0.00000340
[2018-12-27 15:11:06.637] [INFO] info - B挂卖-0.00000015
[2018-12-27 15:11:06.637] [INFO] info - 当前状态: sending
[2018-12-27 15:11:06.637] [INFO] info - coinexbids0={"0.00009635":"475.7539414"}
[2018-12-27 15:11:06.637] [INFO] info - coinexasks0={"0.00009662":"288"}
[2018-12-27 15:11:06.637] [INFO] info - huobibids0={"0.00009652":"1561"}
[2018-12-27 15:11:06.637] [INFO] info - huobiasks0={"0.00009658":"626"}
[2018-12-27 15:11:06.637] [INFO] info - B卖-0.00000340
[2018-12-27 15:11:06.637] [INFO] info - B挂卖-0.00000015
[2018-12-27 15:11:07.547] [INFO] info - 当前状态: sending
[2018-12-27 15:11:07.547] [INFO] info - coinexbids0={"0.00009635":"475.7539414"}
[2018-12-27 15:11:07.548] [INFO] info - coinexasks0={"0.00009662":"288"}
[2018-12-27 15:11:07.548] [INFO] info - huobibids0={"0.0000965":"10293"}
[2018-12-27 15:11:07.548] [INFO] info - huobiasks0={"0.00009658":"626"}
[2018-12-27 15:11:07.548] [INFO] info - B卖-0.00000470
[2018-12-27 15:11:07.548] [INFO] info - B挂卖-0.00000015
[2018-12-27 15:11:07.548] [INFO] info - 当前状态: sending
[2018-12-27 15:11:07.548] [INFO] info - coinexbids0={"0.00009635":"475.7539414"}
[2018-12-27 15:11:07.548] [INFO] info - coinexasks0={"0.00009662":"288"}
[2018-12-27 15:11:07.548] [INFO] info - huobibids0={"0.0000965":"10293"}
[2018-12-27 15:11:07.548] [INFO] info - huobiasks0={"0.00009658":"626"}
[2018-12-27 15:11:07.548] [INFO] info - B卖-0.00000470
[2018-12-27 15:11:07.548] [INFO] info - B挂卖-0.00000015
[2018-12-27 15:24:38.574] [INFO] info - 当前状态: idle
[2018-12-27 15:24:38.575] [INFO] info - coinexbids0={"0.00009639":"475.7539414"}
[2018-12-27 15:24:38.575] [INFO] info - coinexasks0={"0.00009663":"294.692"}
[2018-12-27 15:24:38.575] [INFO] info - huobibids0={"0.00009656":"3105"}
[2018-12-27 15:24:38.575] [INFO] info - huobiasks0={"0.00009661":"300"}
[2018-12-27 15:24:38.576] [INFO] info - 在B买A挂卖-0.00005969
[2018-12-27 15:24:38.576] [INFO] info - A挂买B挂卖-0.00000373
[2018-12-27 15:24:38.844] [INFO] info - 当前状态: idle
[2018-12-27 15:24:38.844] [INFO] info - coinexbids0={"0.00009639":"475.7539414"}
[2018-12-27 15:24:38.844] [INFO] info - coinexasks0={"0.00009663":"294.692"}
[2018-12-27 15:24:38.844] [INFO] info - huobibids0={"0.00009656":"3105"}
[2018-12-27 15:24:38.844] [INFO] info - huobiasks0={"0.00009661":"300"}
[2018-12-27 15:24:38.844] [INFO] info - 在B买A挂卖-0.00005969
[2018-12-27 15:24:38.844] [INFO] info - A挂买B挂卖-0.00000373
[2018-12-27 15:24:39.299] [INFO] info - 当前状态: idle
[2018-12-27 15:24:39.300] [INFO] info - coinexbids0={"0.00009639":"475.7539414"}
[2018-12-27 15:24:39.300] [INFO] info - coinexasks0={"0.00009663":"294.692"}
[2018-12-27 15:24:39.300] [INFO] info - huobibids0={"0.00009656":"3105"}
[2018-12-27 15:24:39.300] [INFO] info - huobiasks0={"0.00009661":"300"}
[2018-12-27 15:24:39.300] [INFO] info - 在B买A挂卖-0.00005969
[2018-12-27 15:24:39.300] [INFO] info - A挂买B挂卖-0.00000373
[2018-12-27 15:24:39.789] [INFO] info - 当前状态: idle
[2018-12-27 15:24:39.790] [INFO] info - coinexbids0={"0.00009639":"475.7539414"}
[2018-12-27 15:24:39.790] [INFO] info - coinexasks0={"0.00009663":"294.692"}
[2018-12-27 15:24:39.790] [INFO] info - huobibids0={"0.00009656":"11384"}
[2018-12-27 15:24:39.790] [INFO] info - huobiasks0={"0.00009661":"300"}
[2018-12-27 15:24:39.790] [INFO] info - 在B买A挂卖-0.00005969
[2018-12-27 15:24:39.790] [INFO] info - A挂买B挂卖-0.00000373
[2018-12-27 15:24:39.790] [INFO] info - 当前状态: idle
[2018-12-27 15:24:39.790] [INFO] info - coinexbids0={"0.00009639":"475.7539414"}
[2018-12-27 15:24:39.790] [INFO] info - coinexasks0={"0.00009663":"294.692"}
[2018-12-27 15:24:39.790] [INFO] info - huobibids0={"0.00009656":"11384"}
[2018-12-27 15:24:39.791] [INFO] info - huobiasks0={"0.00009661":"300"}
[2018-12-27 15:24:39.791] [INFO] info - 在B买A挂卖-0.00005969
[2018-12-27 15:24:39.791] [INFO] info - A挂买B挂卖-0.00000373
[2018-12-27 15:24:40.152] [INFO] info - 当前状态: idle
[2018-12-27 15:24:40.152] [INFO] info - coinexbids0={"0.00009639":"475.7539414"}
[2018-12-27 15:24:40.152] [INFO] info - coinexasks0={"0.00009663":"294.692"}
[2018-12-27 15:24:40.152] [INFO] info - huobibids0={"0.00009656":"11384"}
[2018-12-27 15:24:40.152] [INFO] info - huobiasks0={"0.00009661":"300"}
[2018-12-27 15:24:40.152] [INFO] info - 在B买A挂卖-0.00005969
[2018-12-27 15:24:40.153] [INFO] info - A挂买B挂卖-0.00000373
[2018-12-27 15:24:40.872] [INFO] info - 当前状态: idle
[2018-12-27 15:24:40.872] [INFO] info - coinexbids0={"0.00009639":"475.7539414"}
[2018-12-27 15:24:40.872] [INFO] info - coinexasks0={"0.00009663":"294.692"}
[2018-12-27 15:24:40.872] [INFO] info - huobibids0={"0.00009656":"11384"}
[2018-12-27 15:24:40.872] [INFO] info - huobiasks0={"0.00009662":"7251"}
[2018-12-27 15:24:40.873] [INFO] info - 在B买A挂卖-0.00006264
[2018-12-27 15:24:40.873] [INFO] info - A挂买B挂卖-0.00001782
[2018-12-27 15:24:41.128] [INFO] info - 当前状态: idle
[2018-12-27 15:24:41.129] [INFO] info - coinexbids0={"0.00009639":"475.7539414"}
[2018-12-27 15:24:41.129] [INFO] info - coinexasks0={"0.00009663":"294.692"}
[2018-12-27 15:24:41.129] [INFO] info - huobibids0={"0.00009656":"11384"}
[2018-12-27 15:24:41.129] [INFO] info - huobiasks0={"0.00009662":"7251"}
[2018-12-27 15:24:41.129] [INFO] info - 在B买A挂卖-0.00006264
[2018-12-27 15:24:41.129] [INFO] info - A挂买B挂卖-0.00001782
[2018-12-27 15:24:41.365] [INFO] info - 当前状态: idle
[2018-12-27 15:24:41.365] [INFO] info - coinexbids0={"0.00009639":"475.7539414"}
[2018-12-27 15:24:41.365] [INFO] info - coinexasks0={"0.00009663":"294.692"}
[2018-12-27 15:24:41.365] [INFO] info - huobibids0={"0.00009656":"11384"}
[2018-12-27 15:24:41.365] [INFO] info - huobiasks0={"0.00009662":"7251"}
[2018-12-27 15:24:41.365] [INFO] info - 在B买A挂卖-0.00006264
[2018-12-27 15:24:41.365] [INFO] info - A挂买B挂卖-0.00001782
[2018-12-27 15:24:41.863] [INFO] info - 当前状态: idle
[2018-12-27 15:24:41.863] [INFO] info - coinexbids0={"0.00009639":"475.7539414"}
[2018-12-27 15:24:41.863] [INFO] info - coinexasks0={"0.00009663":"294.692"}
[2018-12-27 15:24:41.864] [INFO] info - huobibids0={"0.00009656":"3105"}
[2018-12-27 15:24:41.864] [INFO] info - huobiasks0={"0.00009662":"7251"}
[2018-12-27 15:24:41.864] [INFO] info - 在B买A挂卖-0.00006264
[2018-12-27 15:24:41.864] [INFO] info - A挂买B挂卖-0.00001782
[2018-12-27 15:24:41.864] [INFO] info - 当前状态: idle
[2018-12-27 15:24:41.864] [INFO] info - coinexbids0={"0.00009639":"475.7539414"}
[2018-12-27 15:24:41.864] [INFO] info - coinexasks0={"0.00009663":"294.692"}
[2018-12-27 15:24:41.864] [INFO] info - huobibids0={"0.00009656":"3105"}
[2018-12-27 15:24:41.864] [INFO] info - huobiasks0={"0.00009662":"7251"}
[2018-12-27 15:24:41.864] [INFO] info - 在B买A挂卖-0.00006264
[2018-12-27 15:24:41.864] [INFO] info - A挂买B挂卖-0.00001782
[2018-12-27 15:24:42.540] [INFO] info - 当前状态: idle
[2018-12-27 15:24:42.540] [INFO] info - coinexbids0={"0.00009639":"475.7539414"}
[2018-12-27 15:24:42.540] [INFO] info - coinexasks0={"0.00009663":"294.692"}
[2018-12-27 15:24:42.540] [INFO] info - huobibids0={"0.00009656":"3105"}
[2018-12-27 15:24:42.540] [INFO] info - huobiasks0={"0.00009662":"7251"}
[2018-12-27 15:24:42.540] [INFO] info - 在B买A挂卖-0.00006264
[2018-12-27 15:24:42.540] [INFO] info - A挂买B挂卖-0.00001782
[2018-12-27 15:24:43.149] [INFO] info - 当前状态: idle
[2018-12-27 15:24:43.150] [INFO] info - coinexbids0={"0.00009639":"475.7539414"}
[2018-12-27 15:24:43.150] [INFO] info - coinexasks0={"0.00009663":"294.692"}
[2018-12-27 15:24:43.150] [INFO] info - huobibids0={"0.00009656":"3105"}
[2018-12-27 15:24:43.150] [INFO] info - huobiasks0={"0.00009662":"7251"}
[2018-12-27 15:24:43.150] [INFO] info - 在B买A挂卖-0.00006264
[2018-12-27 15:24:43.150] [INFO] info - A挂买B挂卖-0.00001782
[2018-12-27 15:37:54.679] [INFO] info - ===============order_update[object Object]===============
[2018-12-27 15:43:04.887] [INFO] info - 当前状态: idle
[2018-12-27 15:43:04.888] [INFO] info - coinexbids0={"0.00009626":"469.72521499"}
[2018-12-27 15:43:04.888] [INFO] info - coinexasks0={"0.00009659":"395.83306296"}
[2018-12-27 15:43:04.888] [INFO] info - huobibids0={"0.00009635":"3111"}
[2018-12-27 15:43:04.888] [INFO] info - huobiasks0={"0.00009644":"5488"}
[2018-12-27 15:43:04.889] [INFO] info - 在B买A挂卖-0.00002859
[2018-12-27 15:43:04.889] [INFO] info - {"buy":{"type":"buy","price":"0.00009636","market":"B","num":395.83306296},"sell":{"type":"sell","price":"0.00009658","market":"A","num":395.83306296},"get":0.00016412149900730283,"first":"A","msg":"B挂买A挂卖"}
[2018-12-27 15:43:05.442] [INFO] info - 当前状态: sending
[2018-12-27 15:43:05.442] [INFO] info - coinexbids0={"0.00009626":"469.72521499"}
[2018-12-27 15:43:05.442] [INFO] info - coinexasks0={"0.00009659":"395.83306296"}
[2018-12-27 15:43:05.443] [INFO] info - huobibids0={"0.00009635":"5183"}
[2018-12-27 15:43:05.443] [INFO] info - huobiasks0={"0.00009644":"5488"}
[2018-12-27 15:43:05.443] [INFO] info - 在B买-0.00002859
[2018-12-27 15:43:05.443] [INFO] info - {"buy":{"type":"buy","price":"0.00009636","market":"B","num":395.83306296},"sell":{"type":"sell","price":"0.00009658","market":"A","num":395.83306296,"api":{"proxy":null,"AccessID":"8E3AB6396B5246BBA7F39F1FB467E2EB","SecretKey":"BC025BC0D90A45969D03F02F5925C37D78524E1FA387FEA2","networkqueue":{"concurrency":10,"every":1000,"maxTasks":null,"_queue":[],"_done":true}}},"get":0.00016412149900730283,"first":"A","msg":"在B挂买"}
[2018-12-27 15:43:06.584] [INFO] info - 当前状态: bilateralEnd
[2018-12-27 15:43:06.584] [INFO] info - coinexbids0={"0.00009626":"469.72521499"}
[2018-12-27 15:43:06.584] [INFO] info - coinexasks0={"0.00009659":"395.83306296"}
[2018-12-27 15:43:06.584] [INFO] info - huobibids0={"0.00009635":"5183"}
[2018-12-27 15:43:06.584] [INFO] info - huobiasks0={"0.00009644":"5488"}
[2018-12-27 15:43:06.584] [INFO] info - 在B买-0.00002859
[2018-12-27 15:43:06.585] [INFO] info - {"buy":{"type":"buy","price":"0.00009636","market":"B","num":395.83306296},"sell":{"type":"sell","price":"0.00009658","market":"A","num":395.83306296,"api":{"proxy":null,"AccessID":"8E3AB6396B5246BBA7F39F1FB467E2EB","SecretKey":"BC025BC0D90A45969D03F02F5925C37D78524E1FA387FEA2","networkqueue":{"concurrency":10,"every":1000,"maxTasks":null,"_queue":[],"_done":true}}},"get":0.00016412149900730283,"first":"A","msg":"在B挂买"}
[2018-12-27 15:43:06.797] [INFO] info - 当前状态: bilateralEnd
[2018-12-27 15:43:06.797] [INFO] info - coinexbids0={"0.00009626":"469.72521499"}
[2018-12-27 15:43:06.797] [INFO] info - coinexasks0={"0.00009659":"395.83306296"}
[2018-12-27 15:43:06.797] [INFO] info - huobibids0={"0.00009635":"3418"}
[2018-12-27 15:43:06.797] [INFO] info - huobiasks0={"0.00009644":"300"}
[2018-12-27 15:43:06.797] [INFO] info - 在B买-0.00002859
[2018-12-27 15:43:06.797] [INFO] info - {"buy":{"type":"buy","price":"0.00009636","market":"B","num":395.83306296},"sell":{"type":"sell","price":"0.00009658","market":"A","num":395.83306296,"api":{"proxy":null,"AccessID":"8E3AB6396B5246BBA7F39F1FB467E2EB","SecretKey":"BC025BC0D90A45969D03F02F5925C37D78524E1FA387FEA2","networkqueue":{"concurrency":10,"every":1000,"maxTasks":null,"_queue":[],"_done":true}}},"get":0.00016412149900730283,"first":"A","msg":"在B挂买"}
[2018-12-27 15:43:07.390] [INFO] info - 当前状态: bilateralEnd
[2018-12-27 15:43:07.390] [INFO] info - coinexbids0={"0.00009626":"469.72521499"}
[2018-12-27 15:43:07.390] [INFO] info - coinexasks0={"0.00009659":"395.83306296"}
[2018-12-27 15:43:07.390] [INFO] info - huobibids0={"0.00009635":"3418"}
[2018-12-27 15:43:07.390] [INFO] info - huobiasks0={"0.00009644":"300"}
[2018-12-27 15:43:07.390] [INFO] info - 在B买-0.00002859
[2018-12-27 15:43:07.390] [INFO] info - {"buy":{"type":"buy","price":"0.00009636","market":"B","num":395.83306296},"sell":{"type":"sell","price":"0.00009658","market":"A","num":395.83306296,"api":{"proxy":null,"AccessID":"8E3AB6396B5246BBA7F39F1FB467E2EB","SecretKey":"BC025BC0D90A45969D03F02F5925C37D78524E1FA387FEA2","networkqueue":{"concurrency":10,"every":1000,"maxTasks":null,"_queue":[],"_done":true}}},"get":0.00016412149900730283,"first":"A","msg":"在B挂买"}
[2018-12-27 15:43:07.708] [INFO] info - 当前状态: bilateralEnd
[2018-12-27 15:43:07.708] [INFO] info - coinexbids0={"0.00009626":"469.72521499"}
[2018-12-27 15:43:07.708] [INFO] info - coinexasks0={"0.00009659":"395.83306296"}
[2018-12-27 15:43:07.708] [INFO] info - huobibids0={"0.00009635":"3418"}
[2018-12-27 15:43:07.708] [INFO] info - huobiasks0={"0.00009644":"300"}
[2018-12-27 15:43:07.708] [INFO] info - 在B买-0.00002859
[2018-12-27 15:43:07.708] [INFO] info - {"buy":{"type":"buy","price":"0.00009636","market":"B","num":395.83306296},"sell":{"type":"sell","price":"0.00009658","market":"A","num":395.83306296,"api":{"proxy":null,"AccessID":"8E3AB6396B5246BBA7F39F1FB467E2EB","SecretKey":"BC025BC0D90A45969D03F02F5925C37D78524E1FA387FEA2","networkqueue":{"concurrency":10,"every":1000,"maxTasks":null,"_queue":[],"_done":true}}},"get":0.00016412149900730283,"first":"A","msg":"在B挂买"}
[2018-12-27 15:43:08.602] [INFO] info - 当前状态: bilateralEnd
[2018-12-27 15:43:08.602] [INFO] info - coinexbids0={"0.00009626":"469.72521499"}
[2018-12-27 15:43:08.602] [INFO] info - coinexasks0={"0.00009659":"395.83306296"}
[2018-12-27 15:43:08.602] [INFO] info - huobibids0={"0.00009635":"3718"}
[2018-12-27 15:43:08.602] [INFO] info - huobiasks0={"0.00009644":"300"}
[2018-12-27 15:43:08.602] [INFO] info - 在B买-0.00002859
[2018-12-27 15:43:08.602] [INFO] info - {"buy":{"type":"buy","price":"0.00009636","market":"B","num":395.83306296},"sell":{"type":"sell","price":"0.00009658","market":"A","num":395.83306296,"api":{"proxy":null,"AccessID":"8E3AB6396B5246BBA7F39F1FB467E2EB","SecretKey":"BC025BC0D90A45969D03F02F5925C37D78524E1FA387FEA2","networkqueue":{"concurrency":10,"every":1000,"maxTasks":null,"_queue":[],"_done":true}}},"get":0.00016412149900730283,"first":"A","msg":"在B挂买"}
[2018-12-27 15:43:08.816] [INFO] info - 当前状态: bilateralEnd
[2018-12-27 15:43:08.816] [INFO] info - coinexbids0={"0.00009626":"469.72521499"}
[2018-12-27 15:43:08.816] [INFO] info - coinexasks0={"0.00009659":"395.83306296"}
[2018-12-27 15:43:08.816] [INFO] info - huobibids0={"0.00009635":"3718"}
[2018-12-27 15:43:08.816] [INFO] info - huobiasks0={"0.00009644":"300"}
[2018-12-27 15:43:08.816] [INFO] info - 在B买-0.00002859
[2018-12-27 15:43:08.816] [INFO] info - {"buy":{"type":"buy","price":"0.00009636","market":"B","num":395.83306296},"sell":{"type":"sell","price":"0.00009658","market":"A","num":395.83306296,"api":{"proxy":null,"AccessID":"8E3AB6396B5246BBA7F39F1FB467E2EB","SecretKey":"BC025BC0D90A45969D03F02F5925C37D78524E1FA387FEA2","networkqueue":{"concurrency":10,"every":1000,"maxTasks":null,"_queue":[],"_done":true}}},"get":0.00016412149900730283,"first":"A","msg":"在B挂买"}
[2018-12-27 15:43:09.477] [INFO] info - 当前状态: bilateralEnd
[2018-12-27 15:43:09.477] [INFO] info - coinexbids0={"0.00009626":"469.72521499"}
[2018-12-27 15:43:09.477] [INFO] info - coinexasks0={"0.00009659":"395.83306296"}
[2018-12-27 15:43:09.478] [INFO] info - huobibids0={"0.00009635":"3718"}
[2018-12-27 15:43:09.478] [INFO] info - huobiasks0={"0.00009644":"210"}
[2018-12-27 15:43:09.478] [INFO] info - 在B买-0.00002859
[2018-12-27 15:43:09.478] [INFO] info - {"buy":{"type":"buy","price":"0.00009636","market":"B","num":395.83306296},"sell":{"type":"sell","price":"0.00009658","market":"A","num":395.83306296,"api":{"proxy":null,"AccessID":"8E3AB6396B5246BBA7F39F1FB467E2EB","SecretKey":"BC025BC0D90A45969D03F02F5925C37D78524E1FA387FEA2","networkqueue":{"concurrency":10,"every":1000,"maxTasks":null,"_queue":[],"_done":true}}},"get":0.00016412149900730283,"first":"A","msg":"在B挂买"}
[2018-12-27 15:44:37.925] [INFO] info - 当前状态: idle
[2018-12-27 15:44:37.926] [INFO] info - coinexbids0={"0.00009626":"469.72521499"}
[2018-12-27 15:44:37.926] [INFO] info - coinexasks0={"0.00009659":"395.83306296"}
[2018-12-27 15:44:37.926] [INFO] info - huobibids0={"0.00009633":"340"}
[2018-12-27 15:44:37.927] [INFO] info - huobiasks0={"0.00009642":"23574"}
[2018-12-27 15:44:37.927] [INFO] info - 在B买A挂卖-0.00002066
[2018-12-27 15:44:37.927] [INFO] info - {"buy":{"type":"buy","price":"0.00009634","market":"B","num":395.83306296},"sell":{"type":"sell","price":"0.00009658","market":"A","num":395.83306296},"get":0.000580575771057392,"first":"A","msg":"B挂买A挂卖"}
[2018-12-27 15:44:38.457] [INFO] info - 当前状态: sending
[2018-12-27 15:44:38.457] [INFO] info - coinexbids0={"0.00009626":"469.72521499"}
[2018-12-27 15:44:38.457] [INFO] info - coinexasks0={"0.00009659":"395.83306296"}
[2018-12-27 15:44:38.457] [INFO] info - huobibids0={"0.00009633":"340"}
[2018-12-27 15:44:38.457] [INFO] info - huobiasks0={"0.00009642":"23574"}
[2018-12-27 15:44:38.457] [INFO] info - 在B买-0.00002066
[2018-12-27 15:44:38.457] [INFO] info - {"buy":{"type":"buy","price":"0.00009634","market":"B","num":395.83306296},"sell":{"type":"sell","price":"0.00009658","market":"A","num":395.83306296,"api":{"proxy":null,"AccessID":"8E3AB6396B5246BBA7F39F1FB467E2EB","SecretKey":"BC025BC0D90A45969D03F02F5925C37D78524E1FA387FEA2","networkqueue":{"concurrency":10,"every":1000,"maxTasks":null,"_queue":[],"_done":true}}},"get":0.000580575771057392,"first":"A","msg":"在B挂买"}
[2018-12-27 15:44:39.451] [INFO] info - 当前状态: idle
[2018-12-27 15:44:39.451] [INFO] info - coinexbids0={"0.00009626":"469.72521499"}
[2018-12-27 15:44:39.451] [INFO] info - coinexasks0={"0.00009659":"395.83306296"}
[2018-12-27 15:44:39.451] [INFO] info - huobibids0={"0.00009633":"2412"}
[2018-12-27 15:44:39.451] [INFO] info - huobiasks0={"0.00009646":"11501"}
[2018-12-27 15:44:39.451] [INFO] info - 在B买A挂卖-0.00003652
[2018-12-27 15:44:39.451] [INFO] info - {"buy":{"type":"buy","price":"0.00009634","market":"B","num":395.83306296},"sell":{"type":"sell","price":"0.00009658","market":"A","num":395.83306296},"get":0.000580575771057392,"first":"A","msg":"B挂买A挂卖"}
[2018-12-27 15:44:39.706] [INFO] info - 当前状态: sending
[2018-12-27 15:44:39.706] [INFO] info - coinexbids0={"0.00009626":"469.72521499"}
[2018-12-27 15:44:39.706] [INFO] info - coinexasks0={"0.00009659":"395.83306296"}
[2018-12-27 15:44:39.706] [INFO] info - huobibids0={"0.00009633":"2412"}
[2018-12-27 15:44:39.706] [INFO] info - huobiasks0={"0.00009646":"11501"}
[2018-12-27 15:44:39.706] [INFO] info - 在B买-0.00003652
[2018-12-27 15:44:39.706] [INFO] info - {"buy":{"type":"buy","price":"0.00009634","market":"B","num":395.83306296},"sell":{"type":"sell","price":"0.00009658","market":"A","num":395.83306296,"api":{"proxy":null,"AccessID":"8E3AB6396B5246BBA7F39F1FB467E2EB","SecretKey":"BC025BC0D90A45969D03F02F5925C37D78524E1FA387FEA2","networkqueue":{"concurrency":10,"every":1000,"maxTasks":null,"_queue":[],"_done":true}}},"get":0.000580575771057392,"first":"A","msg":"在B挂买"}
[2018-12-27 15:44:39.952] [INFO] info - 当前状态: sending
[2018-12-27 15:44:39.953] [INFO] info - coinexbids0={"0.00009626":"469.72521499"}
[2018-12-27 15:44:39.953] [INFO] info - coinexasks0={"0.00009659":"395.83306296"}
[2018-12-27 15:44:39.953] [INFO] info - huobibids0={"0.00009633":"2412"}
[2018-12-27 15:44:39.953] [INFO] info - huobiasks0={"0.00009646":"11501"}
[2018-12-27 15:44:39.953] [INFO] info - 在B买-0.00003652
[2018-12-27 15:44:39.953] [INFO] info - {"buy":{"type":"buy","price":"0.00009634","market":"B","num":395.83306296},"sell":{"type":"sell","price":"0.00009658","market":"A","num":395.83306296,"api":{"proxy":null,"AccessID":"8E3AB6396B5246BBA7F39F1FB467E2EB","SecretKey":"BC025BC0D90A45969D03F02F5925C37D78524E1FA387FEA2","networkqueue":{"concurrency":10,"every":1000,"maxTasks":null,"_queue":[],"_done":true}}},"get":0.000580575771057392,"first":"A","msg":"在B挂买"}
[2018-12-27 15:45:24.181] [INFO] info - 当前状态: idle
[2018-12-27 15:45:24.183] [INFO] info - coinexbids0={"0.00009626":"469.72521499"}
[2018-12-27 15:45:24.183] [INFO] info - coinexasks0={"0.00009659":"395.83306296"}
[2018-12-27 15:45:24.183] [INFO] info - huobibids0={"0.00009637":"8246"}
[2018-12-27 15:45:24.183] [INFO] info - huobiasks0={"0.00009642":"1499"}
[2018-12-27 15:45:24.183] [INFO] info - 在B买A挂卖-0.00002066
[2018-12-27 15:45:24.184] [INFO] info - B挂买A挂卖-0.00000479
[2018-12-27 15:45:24.614] [INFO] info - 当前状态: idle
[2018-12-27 15:45:24.614] [INFO] info - coinexbids0={"0.00009626":"469.72521499"}
[2018-12-27 15:45:24.614] [INFO] info - coinexasks0={"0.00009659":"395.83306296"}
[2018-12-27 15:45:24.615] [INFO] info - huobibids0={"0.00009637":"10246"}
[2018-12-27 15:45:24.615] [INFO] info - huobiasks0={"0.00009642":"1499"}
[2018-12-27 15:45:24.615] [INFO] info - 在B买A挂卖-0.00002066
[2018-12-27 15:45:24.615] [INFO] info - B挂买A挂卖-0.00000479
[2018-12-27 15:45:24.868] [INFO] info - 当前状态: idle
[2018-12-27 15:45:24.868] [INFO] info - coinexbids0={"0.00009626":"469.72521499"}
[2018-12-27 15:45:24.868] [INFO] info - coinexasks0={"0.00009659":"395.83306296"}
[2018-12-27 15:45:24.868] [INFO] info - huobibids0={"0.00009637":"10246"}
[2018-12-27 15:45:24.869] [INFO] info - huobiasks0={"0.00009642":"1499"}
[2018-12-27 15:45:24.869] [INFO] info - 在B买A挂卖-0.00002066
[2018-12-27 15:45:24.869] [INFO] info - B挂买A挂卖-0.00000479
[2018-12-27 15:45:25.100] [INFO] info - 当前状态: idle
[2018-12-27 15:45:25.101] [INFO] info - coinexbids0={"0.00009626":"469.72521499"}
[2018-12-27 15:45:25.101] [INFO] info - coinexasks0={"0.00009659":"395.83306296"}
[2018-12-27 15:45:25.101] [INFO] info - huobibids0={"0.00009637":"10246"}
[2018-12-27 15:45:25.101] [INFO] info - huobiasks0={"0.00009642":"1499"}
[2018-12-27 15:45:25.101] [INFO] info - 在B买A挂卖-0.00002066
[2018-12-27 15:45:25.101] [INFO] info - B挂买A挂卖-0.00000479
[2018-12-27 15:45:25.423] [INFO] info - 当前状态: idle
[2018-12-27 15:45:25.423] [INFO] info - coinexbids0={"0.00009626":"469.72521499"}
[2018-12-27 15:45:25.423] [INFO] info - coinexasks0={"0.00009659":"395.83306296"}
[2018-12-27 15:45:25.424] [INFO] info - huobibids0={"0.00009637":"8246"}
[2018-12-27 15:45:25.424] [INFO] info - huobiasks0={"0.00009642":"1499"}
[2018-12-27 15:45:25.424] [INFO] info - 在B买A挂卖-0.00002066
[2018-12-27 15:45:25.424] [INFO] info - B挂买A挂卖-0.00000479
[2018-12-27 15:45:25.676] [INFO] info - 当前状态: idle
[2018-12-27 15:45:25.676] [INFO] info - coinexbids0={"0.00009626":"469.72521499"}
[2018-12-27 15:45:25.676] [INFO] info - coinexasks0={"0.00009659":"395.83306296"}
[2018-12-27 15:45:25.676] [INFO] info - huobibids0={"0.00009637":"8246"}
[2018-12-27 15:45:25.676] [INFO] info - huobiasks0={"0.00009642":"1499"}
[2018-12-27 15:45:25.676] [INFO] info - 在B买A挂卖-0.00002066
[2018-12-27 15:45:25.676] [INFO] info - B挂买A挂卖-0.00000479
[2018-12-27 15:45:26.508] [INFO] info - 当前状态: idle
[2018-12-27 15:45:26.508] [INFO] info - coinexbids0={"0.00009626":"469.72521499"}
[2018-12-27 15:45:26.508] [INFO] info - coinexasks0={"0.00009659":"395.83306296"}
[2018-12-27 15:45:26.508] [INFO] info - huobibids0={"0.00009637":"10246"}
[2018-12-27 15:45:26.508] [INFO] info - huobiasks0={"0.00009642":"1499"}
[2018-12-27 15:45:26.508] [INFO] info - 在B买A挂卖-0.00002066
[2018-12-27 15:45:26.508] [INFO] info - B挂买A挂卖-0.00000479
[2018-12-27 15:45:27.450] [INFO] info - 当前状态: idle
[2018-12-27 15:45:27.451] [INFO] info - coinexbids0={"0.00009626":"469.72521499"}
[2018-12-27 15:45:27.451] [INFO] info - coinexasks0={"0.00009659":"395.83306296"}
[2018-12-27 15:45:27.451] [INFO] info - huobibids0={"0.00009637":"10246"}
[2018-12-27 15:45:27.451] [INFO] info - huobiasks0={"0.00009642":"1499"}
[2018-12-27 15:45:27.451] [INFO] info - 在B买A挂卖-0.00002066
[2018-12-27 15:45:27.451] [INFO] info - B挂买A挂卖-0.00000479
[2018-12-27 15:45:27.712] [INFO] info - 当前状态: idle
[2018-12-27 15:45:27.712] [INFO] info - coinexbids0={"0.00009626":"469.72521499"}
[2018-12-27 15:45:27.712] [INFO] info - coinexasks0={"0.00009659":"395.83306296"}
[2018-12-27 15:45:27.712] [INFO] info - huobibids0={"0.00009636":"2993"}
[2018-12-27 15:45:27.712] [INFO] info - huobiasks0={"0.00009642":"745"}
[2018-12-27 15:45:27.712] [INFO] info - 在B买A挂卖-0.00002066
[2018-12-27 15:45:27.712] [INFO] info - B挂买A挂卖-0.00000084
[2018-12-27 15:45:27.712] [INFO] info - 当前状态: idle
[2018-12-27 15:45:27.712] [INFO] info - coinexbids0={"0.00009626":"469.72521499"}
[2018-12-27 15:45:27.712] [INFO] info - coinexasks0={"0.00009659":"395.83306296"}
[2018-12-27 15:45:27.713] [INFO] info - huobibids0={"0.00009636":"2993"}
[2018-12-27 15:45:27.713] [INFO] info - huobiasks0={"0.00009642":"745"}
[2018-12-27 15:45:27.713] [INFO] info - 在B买A挂卖-0.00002066
[2018-12-27 15:45:27.713] [INFO] info - B挂买A挂卖-0.00000084
[2018-12-27 15:45:28.501] [INFO] info - 当前状态: idle
[2018-12-27 15:45:28.501] [INFO] info - coinexbids0={"0.00009626":"469.72521499"}
[2018-12-27 15:45:28.501] [INFO] info - coinexasks0={"0.00009659":"395.83306296"}
[2018-12-27 15:45:28.501] [INFO] info - huobibids0={"0.00009638":"8151"}
[2018-12-27 15:45:28.502] [INFO] info - huobiasks0={"0.00009642":"745"}
[2018-12-27 15:45:28.502] [INFO] info - 在B买A挂卖-0.00002066
[2018-12-27 15:45:28.502] [INFO] info - B挂买A挂卖-0.00000876
[2018-12-27 15:45:28.748] [INFO] info - 当前状态: idle
[2018-12-27 15:45:28.748] [INFO] info - coinexbids0={"0.00009626":"469.72521499"}
[2018-12-27 15:45:28.748] [INFO] info - coinexasks0={"0.00009659":"395.83306296"}
[2018-12-27 15:45:28.748] [INFO] info - huobibids0={"0.00009638":"8151"}
[2018-12-27 15:45:28.748] [INFO] info - huobiasks0={"0.00009642":"745"}
[2018-12-27 15:45:28.748] [INFO] info - 在B买A挂卖-0.00002066
[2018-12-27 15:45:28.748] [INFO] info - B挂买A挂卖-0.00000876
[2018-12-27 15:45:29.463] [INFO] info - 当前状态: idle
[2018-12-27 15:45:29.463] [INFO] info - coinexbids0={"0.00009626":"469.72521499"}
[2018-12-27 15:45:29.463] [INFO] info - coinexasks0={"0.00009659":"395.83306296"}
[2018-12-27 15:45:29.463] [INFO] info - huobibids0={"0.00009638":"8151"}
[2018-12-27 15:45:29.463] [INFO] info - huobiasks0={"0.00009642":"745"}
[2018-12-27 15:45:29.463] [INFO] info - 在B买A挂卖-0.00002066
[2018-12-27 15:45:29.464] [INFO] info - B挂买A挂卖-0.00000876
[2018-12-27 15:45:29.695] [INFO] info - 当前状态: idle
[2018-12-27 15:45:29.696] [INFO] info - coinexbids0={"0.00009626":"469.72521499"}
[2018-12-27 15:45:29.696] [INFO] info - coinexasks0={"0.00009659":"395.83306296"}
[2018-12-27 15:45:29.696] [INFO] info - huobibids0={"0.00009638":"8151"}
[2018-12-27 15:45:29.696] [INFO] info - huobiasks0={"0.00009642":"745"}
[2018-12-27 15:45:29.696] [INFO] info - 在B买A挂卖-0.00002066
[2018-12-27 15:45:29.696] [INFO] info - B挂买A挂卖-0.00000876
[2018-12-27 15:45:29.940] [INFO] info - 当前状态: idle
[2018-12-27 15:45:29.940] [INFO] info - coinexbids0={"0.00009626":"469.72521499"}
[2018-12-27 15:45:29.940] [INFO] info - coinexasks0={"0.00009659":"395.83306296"}
[2018-12-27 15:45:29.940] [INFO] info - huobibids0={"0.00009638":"8151"}
[2018-12-27 15:45:29.940] [INFO] info - huobiasks0={"0.00009642":"745"}
[2018-12-27 15:45:29.940] [INFO] info - 在B买A挂卖-0.00002066
[2018-12-27 15:45:29.940] [INFO] info - B挂买A挂卖-0.00000876
[2018-12-27 15:45:30.582] [INFO] info - 当前状态: idle
[2018-12-27 15:45:30.582] [INFO] info - coinexbids0={"0.00009626":"469.72521499"}
[2018-12-27 15:45:30.583] [INFO] info - coinexasks0={"0.00009659":"395.83306296"}
[2018-12-27 15:45:30.583] [INFO] info - huobibids0={"0.00009637":"10168"}
[2018-12-27 15:45:30.583] [INFO] info - huobiasks0={"0.00009642":"745"}
[2018-12-27 15:45:30.583] [INFO] info - 在B买A挂卖-0.00002066
[2018-12-27 15:45:30.583] [INFO] info - B挂买A挂卖-0.00000479
[2018-12-27 15:45:30.812] [INFO] info - 当前状态: idle
[2018-12-27 15:45:30.813] [INFO] info - coinexbids0={"0.00009626":"469.72521499"}
[2018-12-27 15:45:30.813] [INFO] info - coinexasks0={"0.00009659":"395.83306296"}
[2018-12-27 15:45:30.813] [INFO] info - huobibids0={"0.00009637":"10168"}
[2018-12-27 15:45:30.813] [INFO] info - huobiasks0={"0.00009642":"745"}
[2018-12-27 15:45:30.813] [INFO] info - 在B买A挂卖-0.00002066
[2018-12-27 15:45:30.813] [INFO] info - B挂买A挂卖-0.00000479
[2018-12-27 15:57:08.598] [INFO] info - 当前状态: idle
[2018-12-27 15:57:08.600] [INFO] info - coinexbids0={"0.00009629":"469.72521499"}
[2018-12-27 15:57:08.600] [INFO] info - coinexasks0={"0.00009656":"124.323"}
[2018-12-27 15:57:08.600] [INFO] info - huobibids0={"0.00009647":"2072"}
[2018-12-27 15:57:08.600] [INFO] info - huobiasks0={"0.00009652":"1036"}
[2018-12-27 15:57:08.601] [INFO] info - 在B买A挂卖-0.00002267
[2018-12-27 15:57:08.601] [INFO] info - A挂买B挂卖-0.00000232
[2018-12-27 15:57:08.601] [INFO] info - 当前状态: idle
[2018-12-27 15:57:08.601] [INFO] info - coinexbids0={"0.00009629":"469.72521499"}
[2018-12-27 15:57:08.601] [INFO] info - coinexasks0={"0.00009656":"124.323"}
[2018-12-27 15:57:08.601] [INFO] info - huobibids0={"0.00009647":"2072"}
[2018-12-27 15:57:08.602] [INFO] info - huobiasks0={"0.00009652":"1036"}
[2018-12-27 15:57:08.602] [INFO] info - 在B买A挂卖-0.00002267
[2018-12-27 15:57:08.602] [INFO] info - A挂买B挂卖-0.00000232
[2018-12-27 15:57:08.602] [INFO] info - 当前状态: idle
[2018-12-27 15:57:08.602] [INFO] info - coinexbids0={"0.00009629":"469.72521499"}
[2018-12-27 15:57:08.602] [INFO] info - coinexasks0={"0.00009656":"124.323"}
[2018-12-27 15:57:08.602] [INFO] info - huobibids0={"0.00009647":"2072"}
[2018-12-27 15:57:08.602] [INFO] info - huobiasks0={"0.00009652":"1036"}
[2018-12-27 15:57:08.602] [INFO] info - 在B买A挂卖-0.00002267
[2018-12-27 15:57:08.602] [INFO] info - A挂买B挂卖-0.00000232
[2018-12-27 15:57:08.603] [INFO] info - 当前状态: idle
[2018-12-27 15:57:08.603] [INFO] info - coinexbids0={"0.00009629":"469.72521499"}
[2018-12-27 15:57:08.603] [INFO] info - coinexasks0={"0.00009656":"124.323"}
[2018-12-27 15:57:08.603] [INFO] info - huobibids0={"0.00009647":"2072"}
[2018-12-27 15:57:08.603] [INFO] info - huobiasks0={"0.00009652":"1036"}
[2018-12-27 15:57:08.603] [INFO] info - 在B买A挂卖-0.00002267
[2018-12-27 15:57:08.603] [INFO] info - A挂买B挂卖-0.00000232
[2018-12-27 15:57:08.603] [INFO] info - 当前状态: idle
[2018-12-27 15:57:08.603] [INFO] info - coinexbids0={"0.00009629":"469.72521499"}
[2018-12-27 15:57:08.604] [INFO] info - coinexasks0={"0.00009656":"124.323"}
[2018-12-27 15:57:08.604] [INFO] info - huobibids0={"0.00009647":"2072"}
[2018-12-27 15:57:08.604] [INFO] info - huobiasks0={"0.00009652":"1036"}
[2018-12-27 15:57:08.604] [INFO] info - 在B买A挂卖-0.00002267
[2018-12-27 15:57:08.604] [INFO] info - A挂买B挂卖-0.00000232
[2018-12-27 15:57:08.847] [INFO] info - 当前状态: idle
[2018-12-27 15:57:08.847] [INFO] info - coinexbids0={"0.00009629":"469.72521499"}
[2018-12-27 15:57:08.848] [INFO] info - coinexasks0={"0.00009656":"124.323"}
[2018-12-27 15:57:08.848] [INFO] info - huobibids0={"0.00009647":"2072"}
[2018-12-27 15:57:08.848] [INFO] info - huobiasks0={"0.00009653":"319"}
[2018-12-27 15:57:08.848] [INFO] info - 在B买A挂卖-0.00002391
[2018-12-27 15:57:08.848] [INFO] info - {"buy":{"type":"buy","price":"0.00009630","market":"A","num":319},"sell":{"type":"sell","price":"0.00009652","market":"B","num":319},"get":0.00016080886206570996,"first":"A","msg":"A挂买B挂卖"}
[2018-12-27 15:57:08.853] [INFO] info - 当前状态: sending
[2018-12-27 15:57:08.853] [INFO] info - coinexbids0={"0.00009629":"469.72521499"}
[2018-12-27 15:57:08.853] [INFO] info - coinexasks0={"0.00009656":"124.323"}
[2018-12-27 15:57:08.853] [INFO] info - huobibids0={"0.00009647":"2072"}
[2018-12-27 15:57:08.853] [INFO] info - huobiasks0={"0.00009653":"319"}
[2018-12-27 15:57:08.853] [INFO] info - B卖-0.00001345
[2018-12-27 15:57:08.853] [INFO] info - {"buy":{"type":"buy","price":"0.00009630","market":"A","num":319,"api":{"proxy":null,"AccessID":"8E3AB6396B5246BBA7F39F1FB467E2EB","SecretKey":"BC025BC0D90A45969D03F02F5925C37D78524E1FA387FEA2","networkqueue":{"concurrency":10,"every":1000,"maxTasks":null,"_queue":[],"_done":true}}},"sell":{"type":"sell","price":"0.00009652","market":"B","num":319},"get":0.00016080886206570996,"first":"A","msg":"B挂卖"}
[2018-12-27 15:57:09.542] [INFO] info - 当前状态: idle
[2018-12-27 15:57:09.542] [INFO] info - coinexbids0={"0.00009629":"469.72521499"}
[2018-12-27 15:57:09.542] [INFO] info - coinexasks0={"0.00009656":"124.323"}
[2018-12-27 15:57:09.542] [INFO] info - huobibids0={"0.00009647":"2072"}
[2018-12-27 15:57:09.542] [INFO] info - huobiasks0={"0.00009653":"319"}
[2018-12-27 15:57:09.542] [INFO] info - 在B买A挂卖-0.00002391
[2018-12-27 15:57:09.542] [INFO] info - {"buy":{"type":"buy","price":"0.00009630","market":"A","num":319},"sell":{"type":"sell","price":"0.00009652","market":"B","num":319},"get":0.00016080886206570996,"first":"A","msg":"A挂买B挂卖"}
[2018-12-27 15:57:09.842] [INFO] info - 当前状态: sending
[2018-12-27 15:57:09.842] [INFO] info - coinexbids0={"0.00009629":"469.72521499"}
[2018-12-27 15:57:09.842] [INFO] info - coinexasks0={"0.00009656":"124.323"}
[2018-12-27 15:57:09.842] [INFO] info - huobibids0={"0.00009647":"2072"}
[2018-12-27 15:57:09.842] [INFO] info - huobiasks0={"0.00009653":"319"}
[2018-12-27 15:57:09.842] [INFO] info - B卖-0.00001345
[2018-12-27 15:57:09.842] [INFO] info - {"buy":{"type":"buy","price":"0.00009630","market":"A","num":319,"api":{"proxy":null,"AccessID":"8E3AB6396B5246BBA7F39F1FB467E2EB","SecretKey":"BC025BC0D90A45969D03F02F5925C37D78524E1FA387FEA2","networkqueue":{"concurrency":10,"every":1000,"maxTasks":null,"_queue":[],"_done":true}}},"sell":{"type":"sell","price":"0.00009652","market":"B","num":319},"get":0.00016080886206570996,"first":"A","msg":"B挂卖"}
[2018-12-27 15:57:10.578] [INFO] info - 当前状态: sending
[2018-12-27 15:57:10.578] [INFO] info - coinexbids0={"0.00009629":"469.72521499"}
[2018-12-27 15:57:10.578] [INFO] info - coinexasks0={"0.00009656":"124.323"}
[2018-12-27 15:57:10.578] [INFO] info - huobibids0={"0.00009647":"2072"}
[2018-12-27 15:57:10.578] [INFO] info - huobiasks0={"0.00009653":"319"}
[2018-12-27 15:57:10.578] [INFO] info - B卖-0.00001345
[2018-12-27 15:57:10.579] [INFO] info - {"buy":{"type":"buy","price":"0.00009630","market":"A","num":319,"api":{"proxy":null,"AccessID":"8E3AB6396B5246BBA7F39F1FB467E2EB","SecretKey":"BC025BC0D90A45969D03F02F5925C37D78524E1FA387FEA2","networkqueue":{"concurrency":10,"every":1000,"maxTasks":null,"_queue":[],"_done":true}}},"sell":{"type":"sell","price":"0.00009652","market":"B","num":319},"get":0.00016080886206570996,"first":"A","msg":"B挂卖"}
[2018-12-27 15:57:10.827] [INFO] info - 当前状态: sending
[2018-12-27 15:57:10.827] [INFO] info - coinexbids0={"0.00009629":"469.72521499"}
[2018-12-27 15:57:10.827] [INFO] info - coinexasks0={"0.00009656":"124.323"}
[2018-12-27 15:57:10.827] [INFO] info - huobibids0={"0.00009647":"2072"}
[2018-12-27 15:57:10.827] [INFO] info - huobiasks0={"0.00009653":"319"}
[2018-12-27 15:57:10.828] [INFO] info - B卖-0.00001345
[2018-12-27 15:57:10.828] [INFO] info - {"buy":{"type":"buy","price":"0.00009630","market":"A","num":319,"api":{"proxy":null,"AccessID":"8E3AB6396B5246BBA7F39F1FB467E2EB","SecretKey":"BC025BC0D90A45969D03F02F5925C37D78524E1FA387FEA2","networkqueue":{"concurrency":10,"every":1000,"maxTasks":null,"_queue":[],"_done":true}}},"sell":{"type":"sell","price":"0.00009652","market":"B","num":319},"get":0.00016080886206570996,"first":"A","msg":"B挂卖"}
[2018-12-27 15:57:11.480] [INFO] info - 当前状态: sending
[2018-12-27 15:57:11.480] [INFO] info - coinexbids0={"0.00009629":"469.72521499"}
[2018-12-27 15:57:11.480] [INFO] info - coinexasks0={"0.00009656":"124.323"}
[2018-12-27 15:57:11.480] [INFO] info - huobibids0={"0.00009647":"2072"}
[2018-12-27 15:57:11.480] [INFO] info - huobiasks0={"0.00009653":"319"}
[2018-12-27 15:57:11.481] [INFO] info - B卖-0.00001345
[2018-12-27 15:57:11.481] [INFO] info - {"buy":{"type":"buy","price":"0.00009630","market":"A","num":319,"api":{"proxy":null,"AccessID":"8E3AB6396B5246BBA7F39F1FB467E2EB","SecretKey":"BC025BC0D90A45969D03F02F5925C37D78524E1FA387FEA2","networkqueue":{"concurrency":10,"every":1000,"maxTasks":null,"_queue":[],"_done":true}}},"sell":{"type":"sell","price":"0.00009652","market":"B","num":319},"get":0.00016080886206570996,"first":"A","msg":"B挂卖"}
[2018-12-27 15:57:11.739] [INFO] info - 当前状态: sending
[2018-12-27 15:57:11.739] [INFO] info - coinexbids0={"0.00009629":"469.72521499"}
[2018-12-27 15:57:11.739] [INFO] info - coinexasks0={"0.00009656":"124.323"}
[2018-12-27 15:57:11.739] [INFO] info - huobibids0={"0.00009647":"2072"}
[2018-12-27 15:57:11.739] [INFO] info - huobiasks0={"0.00009653":"319"}
[2018-12-27 15:57:11.739] [INFO] info - B卖-0.00001345
[2018-12-27 15:57:11.740] [INFO] info - {"buy":{"type":"buy","price":"0.00009630","market":"A","num":319,"api":{"proxy":null,"AccessID":"8E3AB6396B5246BBA7F39F1FB467E2EB","SecretKey":"BC025BC0D90A45969D03F02F5925C37D78524E1FA387FEA2","networkqueue":{"concurrency":10,"every":1000,"maxTasks":null,"_queue":[],"_done":true}}},"sell":{"type":"sell","price":"0.00009652","market":"B","num":319},"get":0.00016080886206570996,"first":"A","msg":"B挂卖"}
[2018-12-27 15:57:12.426] [INFO] info - 当前状态: sending
[2018-12-27 15:57:12.426] [INFO] info - coinexbids0={"0.00009629":"469.72521499"}
[2018-12-27 15:57:12.426] [INFO] info - coinexasks0={"0.00009656":"124.323"}
[2018-12-27 15:57:12.426] [INFO] info - huobibids0={"0.00009647":"2072"}
[2018-12-27 15:57:12.426] [INFO] info - huobiasks0={"0.00009652":"1036"}
[2018-12-27 15:57:12.426] [INFO] info - B卖-0.00001345
[2018-12-27 15:57:12.427] [INFO] info - B挂卖-0.00000071
[2018-12-27 15:57:12.709] [INFO] info - 当前状态: sending
[2018-12-27 15:57:12.709] [INFO] info - coinexbids0={"0.00009629":"469.72521499"}
[2018-12-27 15:57:12.709] [INFO] info - coinexasks0={"0.00009656":"124.323"}
[2018-12-27 15:57:12.709] [INFO] info - huobibids0={"0.00009647":"2072"}
[2018-12-27 15:57:12.709] [INFO] info - huobiasks0={"0.00009652":"1036"}
[2018-12-27 15:57:12.709] [INFO] info - B卖-0.00001345
[2018-12-27 15:57:12.710] [INFO] info - B挂卖-0.00000071
[2018-12-27 15:57:13.479] [INFO] info - 当前状态: idle
[2018-12-27 15:57:13.479] [INFO] info - coinexbids0={"0.00009629":"469.72521499"}
[2018-12-27 15:57:13.479] [INFO] info - coinexasks0={"0.00009656":"124.323"}
[2018-12-27 15:57:13.479] [INFO] info - huobibids0={"0.00009647":"2072"}
[2018-12-27 15:57:13.479] [INFO] info - huobiasks0={"0.00009652":"1036"}
[2018-12-27 15:57:13.480] [INFO] info - 在B买A挂卖-0.00002267
[2018-12-27 15:57:13.480] [INFO] info - A挂买B挂卖-0.00000232
[2018-12-27 15:57:13.737] [INFO] info - 当前状态: idle
[2018-12-27 15:57:13.737] [INFO] info - coinexbids0={"0.00009629":"469.72521499"}
[2018-12-27 15:57:13.738] [INFO] info - coinexasks0={"0.00009656":"124.323"}
[2018-12-27 15:57:13.738] [INFO] info - huobibids0={"0.00009647":"2072"}
[2018-12-27 15:57:13.738] [INFO] info - huobiasks0={"0.00009652":"1036"}
[2018-12-27 15:57:13.738] [INFO] info - 在B买A挂卖-0.00002267
[2018-12-27 15:57:13.738] [INFO] info - A挂买B挂卖-0.00000232
[2018-12-27 15:57:13.871] [INFO] info - 当前状态: idle
[2018-12-27 15:57:13.871] [INFO] info - coinexbids0={"0.00009629":"469.72521499"}
[2018-12-27 15:57:13.871] [INFO] info - coinexasks0={"0.00009656":"124.323"}
[2018-12-27 15:57:13.872] [INFO] info - huobibids0={"0.00009647":"2072"}
[2018-12-27 15:57:13.872] [INFO] info - huobiasks0={"0.00009652":"1036"}
[2018-12-27 15:57:13.872] [INFO] info - 在B买A挂卖-0.00002267
[2018-12-27 15:57:13.872] [INFO] info - A挂买B挂卖-0.00000232
[2018-12-27 15:57:14.533] [INFO] info - 当前状态: idle
[2018-12-27 15:57:14.533] [INFO] info - coinexbids0={"0.00009629":"469.72521499"}
[2018-12-27 15:57:14.533] [INFO] info - coinexasks0={"0.00009656":"124.323"}
[2018-12-27 15:57:14.533] [INFO] info - huobibids0={"0.00009647":"2072"}
[2018-12-27 15:57:14.533] [INFO] info - huobiasks0={"0.00009653":"319"}
[2018-12-27 15:57:14.533] [INFO] info - 在B买A挂卖-0.00002391
[2018-12-27 15:57:14.534] [INFO] info - {"buy":{"type":"buy","price":"0.00009630","market":"A","num":319},"sell":{"type":"sell","price":"0.00009652","market":"B","num":319},"get":0.00016080886206570996,"first":"A","msg":"A挂买B挂卖"}
[2018-12-27 15:57:14.755] [INFO] info - 当前状态: sending
[2018-12-27 15:57:14.755] [INFO] info - coinexbids0={"0.00009629":"469.72521499"}
[2018-12-27 15:57:14.756] [INFO] info - coinexasks0={"0.00009656":"124.323"}
[2018-12-27 15:57:14.756] [INFO] info - huobibids0={"0.00009647":"2072"}
[2018-12-27 15:57:14.756] [INFO] info - huobiasks0={"0.00009653":"319"}
[2018-12-27 15:57:14.756] [INFO] info - B卖-0.00001345
[2018-12-27 15:57:14.756] [INFO] info - {"buy":{"type":"buy","price":"0.00009630","market":"A","num":319,"api":{"proxy":null,"AccessID":"8E3AB6396B5246BBA7F39F1FB467E2EB","SecretKey":"BC025BC0D90A45969D03F02F5925C37D78524E1FA387FEA2","networkqueue":{"concurrency":10,"every":1000,"maxTasks":null,"_queue":[],"_done":true}}},"sell":{"type":"sell","price":"0.00009652","market":"B","num":319},"get":0.00016080886206570996,"first":"A","msg":"B挂卖"}
[2018-12-27 15:57:14.875] [INFO] info - 当前状态: sending
[2018-12-27 15:57:14.875] [INFO] info - coinexbids0={"0.0000963":"289"}
[2018-12-27 15:57:14.875] [INFO] info - coinexasks0={"0.00009656":"124.323"}
[2018-12-27 15:57:14.875] [INFO] info - huobibids0={"0.00009647":"2072"}
[2018-12-27 15:57:14.875] [INFO] info - huobiasks0={"0.00009653":"319"}
[2018-12-27 15:57:14.875] [INFO] info - B卖-0.00001345
[2018-12-27 15:57:14.875] [INFO] info - {"buy":{"type":"buy","price":"0.00009630","market":"A","num":319,"api":{"proxy":null,"AccessID":"8E3AB6396B5246BBA7F39F1FB467E2EB","SecretKey":"BC025BC0D90A45969D03F02F5925C37D78524E1FA387FEA2","networkqueue":{"concurrency":10,"every":1000,"maxTasks":null,"_queue":[],"_done":true}}},"sell":{"type":"sell","price":"0.00009652","market":"B","num":319},"get":0.00016080886206570996,"first":"A","msg":"B挂卖"}
[2018-12-27 15:57:15.516] [INFO] info - 当前状态: sending
[2018-12-27 15:57:15.516] [INFO] info - coinexbids0={"0.0000963":"289"}
[2018-12-27 15:57:15.516] [INFO] info - coinexasks0={"0.00009656":"124.323"}
[2018-12-27 15:57:15.516] [INFO] info - huobibids0={"0.00009647":"2072"}
[2018-12-27 15:57:15.516] [INFO] info - huobiasks0={"0.00009653":"319"}
[2018-12-27 15:57:15.516] [INFO] info - B卖-0.00001345
[2018-12-27 15:57:15.516] [INFO] info - {"buy":{"type":"buy","price":"0.00009630","market":"A","num":319,"api":{"proxy":null,"AccessID":"8E3AB6396B5246BBA7F39F1FB467E2EB","SecretKey":"BC025BC0D90A45969D03F02F5925C37D78524E1FA387FEA2","networkqueue":{"concurrency":10,"every":1000,"maxTasks":null,"_queue":[],"_done":true}}},"sell":{"type":"sell","price":"0.00009652","market":"B","num":319},"get":0.00016080886206570996,"first":"A","msg":"B挂卖"}
[2018-12-27 15:57:15.776] [INFO] info - 当前状态: sending
[2018-12-27 15:57:15.776] [INFO] info - coinexbids0={"0.0000963":"289"}
[2018-12-27 15:57:15.776] [INFO] info - coinexasks0={"0.00009656":"124.323"}
[2018-12-27 15:57:15.776] [INFO] info - huobibids0={"0.00009647":"2072"}
[2018-12-27 15:57:15.777] [INFO] info - huobiasks0={"0.00009653":"319"}
[2018-12-27 15:57:15.777] [INFO] info - B卖-0.00001345
[2018-12-27 15:57:15.777] [INFO] info - {"buy":{"type":"buy","price":"0.00009630","market":"A","num":319,"api":{"proxy":null,"AccessID":"8E3AB6396B5246BBA7F39F1FB467E2EB","SecretKey":"BC025BC0D90A45969D03F02F5925C37D78524E1FA387FEA2","networkqueue":{"concurrency":10,"every":1000,"maxTasks":null,"_queue":[],"_done":true}}},"sell":{"type":"sell","price":"0.00009652","market":"B","num":319},"get":0.00016080886206570996,"first":"A","msg":"B挂卖"}
[2018-12-27 15:57:15.899] [INFO] info - 当前状态: sending
[2018-12-27 15:57:15.899] [INFO] info - coinexbids0={"0.00009631":"469.72521499"}
[2018-12-27 15:57:15.899] [INFO] info - coinexasks0={"0.00009656":"124.323"}
[2018-12-27 15:57:15.900] [INFO] info - huobibids0={"0.00009647":"2072"}
[2018-12-27 15:57:15.900] [INFO] info - huobiasks0={"0.00009653":"319"}
[2018-12-27 15:57:15.900] [INFO] info - B卖-0.00001345
[2018-12-27 15:57:15.900] [INFO] info - {"buy":{"type":"buy","price":"0.00009630","market":"A","num":319,"api":{"proxy":null,"AccessID":"8E3AB6396B5246BBA7F39F1FB467E2EB","SecretKey":"BC025BC0D90A45969D03F02F5925C37D78524E1FA387FEA2","networkqueue":{"concurrency":10,"every":1000,"maxTasks":null,"_queue":[],"_done":true}}},"sell":{"type":"sell","price":"0.00009652","market":"B","num":319},"get":0.00016080886206570996,"first":"A","msg":"B挂卖"}
[2018-12-27 15:57:16.518] [INFO] info - 当前状态: sending
[2018-12-27 15:57:16.518] [INFO] info - coinexbids0={"0.00009631":"469.72521499"}
[2018-12-27 15:57:16.518] [INFO] info - coinexasks0={"0.00009656":"124.323"}
[2018-12-27 15:57:16.519] [INFO] info - huobibids0={"0.00009647":"2072"}
[2018-12-27 15:57:16.519] [INFO] info - huobiasks0={"0.00009653":"319"}
[2018-12-27 15:57:16.519] [INFO] info - B卖-0.00001345
[2018-12-27 15:57:16.519] [INFO] info - {"buy":{"type":"buy","price":"0.00009630","market":"A","num":319,"api":{"proxy":null,"AccessID":"8E3AB6396B5246BBA7F39F1FB467E2EB","SecretKey":"BC025BC0D90A45969D03F02F5925C37D78524E1FA387FEA2","networkqueue":{"concurrency":10,"every":1000,"maxTasks":null,"_queue":[],"_done":true}}},"sell":{"type":"sell","price":"0.00009652","market":"B","num":319},"get":0.00016080886206570996,"first":"A","msg":"B挂卖"}
[2018-12-27 15:57:16.960] [INFO] info - 当前状态: sending
[2018-12-27 15:57:16.960] [INFO] info - coinexbids0={"0.00009631":"469.72521499"}
[2018-12-27 15:57:16.960] [INFO] info - coinexasks0={"0.00009656":"124.323"}
[2018-12-27 15:57:16.961] [INFO] info - huobibids0={"0.00009647":"2072"}
[2018-12-27 15:57:16.961] [INFO] info - huobiasks0={"0.00009653":"319"}
[2018-12-27 15:57:16.961] [INFO] info - B卖-0.00001345
[2018-12-27 15:57:16.961] [INFO] info - {"buy":{"type":"buy","price":"0.00009630","market":"A","num":319,"api":{"proxy":null,"AccessID":"8E3AB6396B5246BBA7F39F1FB467E2EB","SecretKey":"BC025BC0D90A45969D03F02F5925C37D78524E1FA387FEA2","networkqueue":{"concurrency":10,"every":1000,"maxTasks":null,"_queue":[],"_done":true}}},"sell":{"type":"sell","price":"0.00009652","market":"B","num":319},"get":0.00016080886206570996,"first":"A","msg":"B挂卖"}
[2018-12-27 15:57:16.961] [INFO] info - 当前状态: sending
[2018-12-27 15:57:16.961] [INFO] info - coinexbids0={"0.00009631":"469.72521499"}
[2018-12-27 15:57:16.961] [INFO] info - coinexasks0={"0.00009656":"124.323"}
[2018-12-27 15:57:16.961] [INFO] info - huobibids0={"0.00009647":"2072"}
[2018-12-27 15:57:16.961] [INFO] info - huobiasks0={"0.00009653":"319"}
[2018-12-27 15:57:16.961] [INFO] info - B卖-0.00001345
[2018-12-27 15:57:16.961] [INFO] info - {"buy":{"type":"buy","price":"0.00009630","market":"A","num":319,"api":{"proxy":null,"AccessID":"8E3AB6396B5246BBA7F39F1FB467E2EB","SecretKey":"BC025BC0D90A45969D03F02F5925C37D78524E1FA387FEA2","networkqueue":{"concurrency":10,"every":1000,"maxTasks":null,"_queue":[],"_done":true}}},"sell":{"type":"sell","price":"0.00009652","market":"B","num":319},"get":0.00016080886206570996,"first":"A","msg":"B挂卖"}
[2018-12-27 15:57:17.220] [INFO] info - 当前状态: sending
[2018-12-27 15:57:17.220] [INFO] info - coinexbids0={"0.00009631":"469.72521499"}
[2018-12-27 15:57:17.220] [INFO] info - coinexasks0={"0.00009656":"124.323"}
[2018-12-27 15:57:17.220] [INFO] info - huobibids0={"0.00009647":"2072"}
[2018-12-27 15:57:17.220] [INFO] info - huobiasks0={"0.00009653":"319"}
[2018-12-27 15:57:17.220] [INFO] info - B卖-0.00001345
[2018-12-27 15:57:17.220] [INFO] info - {"buy":{"type":"buy","price":"0.00009630","market":"A","num":319,"api":{"proxy":null,"AccessID":"8E3AB6396B5246BBA7F39F1FB467E2EB","SecretKey":"BC025BC0D90A45969D03F02F5925C37D78524E1FA387FEA2","networkqueue":{"concurrency":10,"every":1000,"maxTasks":null,"_queue":[],"_done":true}}},"sell":{"type":"sell","price":"0.00009652","market":"B","num":319},"get":0.00016080886206570996,"first":"A","msg":"B挂卖"}
[2018-12-27 15:57:18.343] [INFO] info - 当前状态: sending
[2018-12-27 15:57:18.343] [INFO] info - coinexbids0={"0.00009631":"469.72521499"}
[2018-12-27 15:57:18.343] [INFO] info - coinexasks0={"0.00009656":"124.323"}
[2018-12-27 15:57:18.343] [INFO] info - huobibids0={"0.00009647":"2072"}
[2018-12-27 15:57:18.343] [INFO] info - huobiasks0={"0.00009653":"319"}
[2018-12-27 15:57:18.343] [INFO] info - B卖-0.00001345
[2018-12-27 15:57:18.343] [INFO] info - {"buy":{"type":"buy","price":"0.00009630","market":"A","num":319,"api":{"proxy":null,"AccessID":"8E3AB6396B5246BBA7F39F1FB467E2EB","SecretKey":"BC025BC0D90A45969D03F02F5925C37D78524E1FA387FEA2","networkqueue":{"concurrency":10,"every":1000,"maxTasks":null,"_queue":[],"_done":true}}},"sell":{"type":"sell","price":"0.00009652","market":"B","num":319},"get":0.00016080886206570996,"first":"A","msg":"B挂卖"}
[2018-12-27 15:57:18.728] [INFO] info - 当前状态: sending
[2018-12-27 15:57:18.729] [INFO] info - coinexbids0={"0.00009631":"469.72521499"}
[2018-12-27 15:57:18.729] [INFO] info - coinexasks0={"0.00009656":"124.323"}
[2018-12-27 15:57:18.729] [INFO] info - huobibids0={"0.00009647":"2072"}
[2018-12-27 15:57:18.729] [INFO] info - huobiasks0={"0.00009653":"319"}
[2018-12-27 15:57:18.729] [INFO] info - B卖-0.00001345
[2018-12-27 15:57:18.729] [INFO] info - {"buy":{"type":"buy","price":"0.00009630","market":"A","num":319,"api":{"proxy":null,"AccessID":"8E3AB6396B5246BBA7F39F1FB467E2EB","SecretKey":"BC025BC0D90A45969D03F02F5925C37D78524E1FA387FEA2","networkqueue":{"concurrency":10,"every":1000,"maxTasks":null,"_queue":[],"_done":true}}},"sell":{"type":"sell","price":"0.00009652","market":"B","num":319},"get":0.00016080886206570996,"first":"A","msg":"B挂卖"}
[2018-12-27 15:57:18.729] [INFO] info - 当前状态: sending
[2018-12-27 15:57:18.729] [INFO] info - coinexbids0={"0.00009631":"469.72521499"}
[2018-12-27 15:57:18.730] [INFO] info - coinexasks0={"0.00009656":"124.323"}
[2018-12-27 15:57:18.730] [INFO] info - huobibids0={"0.00009647":"2072"}
[2018-12-27 15:57:18.730] [INFO] info - huobiasks0={"0.00009653":"319"}
[2018-12-27 15:57:18.730] [INFO] info - B卖-0.00001345
[2018-12-27 15:57:18.730] [INFO] info - {"buy":{"type":"buy","price":"0.00009630","market":"A","num":319,"api":{"proxy":null,"AccessID":"8E3AB6396B5246BBA7F39F1FB467E2EB","SecretKey":"BC025BC0D90A45969D03F02F5925C37D78524E1FA387FEA2","networkqueue":{"concurrency":10,"every":1000,"maxTasks":null,"_queue":[],"_done":true}}},"sell":{"type":"sell","price":"0.00009652","market":"B","num":319},"get":0.00016080886206570996,"first":"A","msg":"B挂卖"}
[2018-12-27 15:57:18.730] [INFO] info - 当前状态: sending
[2018-12-27 15:57:18.730] [INFO] info - coinexbids0={"0.00009631":"469.72521499"}
[2018-12-27 15:57:18.730] [INFO] info - coinexasks0={"0.00009656":"124.323"}
[2018-12-27 15:57:18.730] [INFO] info - huobibids0={"0.00009647":"2072"}
[2018-12-27 15:57:18.731] [INFO] info - huobiasks0={"0.00009652":"1036"}
[2018-12-27 15:57:18.731] [INFO] info - B卖-0.00001345
[2018-12-27 15:57:18.731] [INFO] info - B挂卖-0.00000071
[2018-12-27 15:57:18.731] [INFO] info - 当前状态: sending
[2018-12-27 15:57:18.731] [INFO] info - coinexbids0={"0.00009631":"469.72521499"}
[2018-12-27 15:57:18.731] [INFO] info - coinexasks0={"0.00009656":"124.323"}
[2018-12-27 15:57:18.731] [INFO] info - huobibids0={"0.00009647":"2072"}
[2018-12-27 15:57:18.731] [INFO] info - huobiasks0={"0.00009652":"1036"}
[2018-12-27 15:57:18.731] [INFO] info - B卖-0.00001345
[2018-12-27 15:57:18.731] [INFO] info - B挂卖-0.00000071
[2018-12-27 15:57:18.971] [INFO] info - 当前状态: sending
[2018-12-27 15:57:18.971] [INFO] info - coinexbids0={"0.00009629":"469.72521499"}
[2018-12-27 15:57:18.971] [INFO] info - coinexasks0={"0.00009656":"124.323"}
[2018-12-27 15:57:18.972] [INFO] info - huobibids0={"0.00009647":"2072"}
[2018-12-27 15:57:18.972] [INFO] info - huobiasks0={"0.00009652":"1036"}
[2018-12-27 15:57:18.972] [INFO] info - B卖-0.00001345
[2018-12-27 15:57:18.972] [INFO] info - B挂卖-0.00000071
[2018-12-27 15:57:19.933] [INFO] info - 当前状态: sending
[2018-12-27 15:57:19.933] [INFO] info - coinexbids0={"0.0000963":"289"}
[2018-12-27 15:57:19.933] [INFO] info - coinexasks0={"0.00009656":"124.323"}
[2018-12-27 15:57:19.934] [INFO] info - huobibids0={"0.00009647":"2072"}
[2018-12-27 15:57:19.934] [INFO] info - huobiasks0={"0.00009652":"1036"}
[2018-12-27 15:57:19.934] [INFO] info - B卖-0.00001345
[2018-12-27 15:57:19.934] [INFO] info - B挂卖-0.00000071
[2018-12-27 15:57:20.206] [INFO] info - 当前状态: sending
[2018-12-27 15:57:20.206] [INFO] info - coinexbids0={"0.0000963":"289"}
[2018-12-27 15:57:20.206] [INFO] info - coinexasks0={"0.00009656":"124.323"}
[2018-12-27 15:57:20.206] [INFO] info - huobibids0={"0.00009645":"917"}
[2018-12-27 15:57:20.206] [INFO] info - huobiasks0={"0.00009652":"1036"}
[2018-12-27 15:57:20.206] [INFO] info - B卖-0.00001982
[2018-12-27 15:57:20.206] [INFO] info - B挂卖-0.00000071
[2018-12-27 15:57:20.206] [INFO] info - 当前状态: sending
[2018-12-27 15:57:20.207] [INFO] info - coinexbids0={"0.0000963":"289"}
[2018-12-27 15:57:20.207] [INFO] info - coinexasks0={"0.00009656":"124.323"}
[2018-12-27 15:57:20.207] [INFO] info - huobibids0={"0.00009645":"917"}
[2018-12-27 15:57:20.207] [INFO] info - huobiasks0={"0.00009652":"1036"}
[2018-12-27 15:57:20.207] [INFO] info - B卖-0.00001982
[2018-12-27 15:57:20.207] [INFO] info - B挂卖-0.00000071
[2018-12-27 15:57:20.489] [INFO] info - 当前状态: sending
[2018-12-27 15:57:20.490] [INFO] info - coinexbids0={"0.0000963":"289"}
[2018-12-27 15:57:20.490] [INFO] info - coinexasks0={"0.00009656":"124.323"}
[2018-12-27 15:57:20.490] [INFO] info - huobibids0={"0.00009644":"1456"}
[2018-12-27 15:57:20.490] [INFO] info - huobiasks0={"0.00009652":"1036"}
[2018-12-27 15:57:20.490] [INFO] info - B卖-0.00002300
[2018-12-27 15:57:20.490] [INFO] info - B挂卖-0.00000071
[2018-12-27 15:57:20.734] [INFO] info - 当前状态: sending
[2018-12-27 15:57:20.734] [INFO] info - coinexbids0={"0.0000963":"289"}
[2018-12-27 15:57:20.734] [INFO] info - coinexasks0={"0.00009656":"124.323"}
[2018-12-27 15:57:20.734] [INFO] info - huobibids0={"0.00009644":"1456"}
[2018-12-27 15:57:20.734] [INFO] info - huobiasks0={"0.00009652":"1036"}
[2018-12-27 15:57:20.734] [INFO] info - B卖-0.00002300
[2018-12-27 15:57:20.734] [INFO] info - B挂卖-0.00000071
[2018-12-27 15:57:20.974] [INFO] info - 当前状态: sending
[2018-12-27 15:57:20.974] [INFO] info - coinexbids0={"0.00009631":"469.72521499"}
[2018-12-27 15:57:20.974] [INFO] info - coinexasks0={"0.00009656":"124.323"}
[2018-12-27 15:57:20.975] [INFO] info - huobibids0={"0.00009644":"1456"}
[2018-12-27 15:57:20.975] [INFO] info - huobiasks0={"0.00009652":"1036"}
[2018-12-27 15:57:20.975] [INFO] info - B卖-0.00002300
[2018-12-27 15:57:20.975] [INFO] info - B挂卖-0.00000071
[2018-12-27 15:57:21.644] [INFO] info - 当前状态: sending
[2018-12-27 15:57:21.644] [INFO] info - coinexbids0={"0.00009631":"469.72521499"}
[2018-12-27 15:57:21.644] [INFO] info - coinexasks0={"0.00009656":"124.323"}
[2018-12-27 15:57:21.645] [INFO] info - huobibids0={"0.00009644":"4446"}
[2018-12-27 15:57:21.645] [INFO] info - huobiasks0={"0.00009652":"1036"}
[2018-12-27 15:57:21.645] [INFO] info - B卖-0.00002300
[2018-12-27 15:57:21.645] [INFO] info - B挂卖-0.00000071
[2018-12-27 16:36:48.889] [INFO] info - ===============order_update1===============
